<?xml version="1.0" encoding="UTF-8"?>
<testng-results skipped="0" failed="40" total="90" passed="50">
  <reporter-output>
  </reporter-output>
  <suite name="Suite" duration-ms="136357" started-at="2020-12-18T17:31:51Z" finished-at="2020-12-18T17:34:07Z">
    <groups>
    </groups>
    <test name="Test" duration-ms="136357" started-at="2020-12-18T17:31:51Z" finished-at="2020-12-18T17:34:07Z">
      <class name="com.swaglabs.Tests.LaunchSwagLabs">
        <test-method status="PASS" signature="LaunchSwagLabsTest(java.lang.String, java.lang.String, java.lang.String, java.lang.reflect.Method)[pri:0, instance:com.swaglabs.Tests.LaunchSwagLabs@2ef9b8bc]" name="LaunchSwagLabsTest" duration-ms="21942" started-at="2020-12-18T12:31:51Z" data-provider="hardCodedBrowsers" finished-at="2020-12-18T12:32:13Z">
          <params>
            <param index="0">
              <value>
                <![CDATA[firefox]]>
              </value>
            </param>
            <param index="1">
              <value>
                <![CDATA[latest-1]]>
              </value>
            </param>
            <param index="2">
              <value>
                <![CDATA[Windows 10]]>
              </value>
            </param>
            <param index="3">
              <value>
                <![CDATA[public void com.swaglabs.Tests.LaunchSwagLabs.LaunchSwagLabsTest(java.lang.String,java.lang.String,java.lang.String,java.lang.reflect.Method) throws java.net.MalformedURLException,org.openqa.selenium.InvalidElementStateException,java.rmi.UnexpectedException,java.lang.InterruptedException]]>
              </value>
            </param>
          </params>
          <reporter-output>
          </reporter-output>
        </test-method> <!-- LaunchSwagLabsTest -->
        <test-method status="PASS" signature="LaunchSwagLabsTest(java.lang.String, java.lang.String, java.lang.String, java.lang.reflect.Method)[pri:0, instance:com.swaglabs.Tests.LaunchSwagLabs@2ef9b8bc]" name="LaunchSwagLabsTest" duration-ms="15204" started-at="2020-12-18T12:31:51Z" data-provider="hardCodedBrowsers" finished-at="2020-12-18T12:32:06Z">
          <params>
            <param index="0">
              <value>
                <![CDATA[safari]]>
              </value>
            </param>
            <param index="1">
              <value>
                <![CDATA[latest]]>
              </value>
            </param>
            <param index="2">
              <value>
                <![CDATA[OS X 10.11]]>
              </value>
            </param>
            <param index="3">
              <value>
                <![CDATA[public void com.swaglabs.Tests.LaunchSwagLabs.LaunchSwagLabsTest(java.lang.String,java.lang.String,java.lang.String,java.lang.reflect.Method) throws java.net.MalformedURLException,org.openqa.selenium.InvalidElementStateException,java.rmi.UnexpectedException,java.lang.InterruptedException]]>
              </value>
            </param>
          </params>
          <reporter-output>
          </reporter-output>
        </test-method> <!-- LaunchSwagLabsTest -->
        <test-method status="PASS" signature="LaunchSwagLabsTest(java.lang.String, java.lang.String, java.lang.String, java.lang.reflect.Method)[pri:0, instance:com.swaglabs.Tests.LaunchSwagLabs@2ef9b8bc]" name="LaunchSwagLabsTest" duration-ms="17769" started-at="2020-12-18T12:31:51Z" data-provider="hardCodedBrowsers" finished-at="2020-12-18T12:32:09Z">
          <params>
            <param index="0">
              <value>
                <![CDATA[safari]]>
              </value>
            </param>
            <param index="1">
              <value>
                <![CDATA[latest-1]]>
              </value>
            </param>
            <param index="2">
              <value>
                <![CDATA[OS X 10.11]]>
              </value>
            </param>
            <param index="3">
              <value>
                <![CDATA[public void com.swaglabs.Tests.LaunchSwagLabs.LaunchSwagLabsTest(java.lang.String,java.lang.String,java.lang.String,java.lang.reflect.Method) throws java.net.MalformedURLException,org.openqa.selenium.InvalidElementStateException,java.rmi.UnexpectedException,java.lang.InterruptedException]]>
              </value>
            </param>
          </params>
          <reporter-output>
          </reporter-output>
        </test-method> <!-- LaunchSwagLabsTest -->
        <test-method status="PASS" signature="LaunchSwagLabsTest(java.lang.String, java.lang.String, java.lang.String, java.lang.reflect.Method)[pri:0, instance:com.swaglabs.Tests.LaunchSwagLabs@2ef9b8bc]" name="LaunchSwagLabsTest" duration-ms="25701" started-at="2020-12-18T12:31:51Z" data-provider="hardCodedBrowsers" finished-at="2020-12-18T12:32:17Z">
          <params>
            <param index="0">
              <value>
                <![CDATA[firefox]]>
              </value>
            </param>
            <param index="1">
              <value>
                <![CDATA[latest]]>
              </value>
            </param>
            <param index="2">
              <value>
                <![CDATA[Windows 10]]>
              </value>
            </param>
            <param index="3">
              <value>
                <![CDATA[public void com.swaglabs.Tests.LaunchSwagLabs.LaunchSwagLabsTest(java.lang.String,java.lang.String,java.lang.String,java.lang.reflect.Method) throws java.net.MalformedURLException,org.openqa.selenium.InvalidElementStateException,java.rmi.UnexpectedException,java.lang.InterruptedException]]>
              </value>
            </param>
          </params>
          <reporter-output>
          </reporter-output>
        </test-method> <!-- LaunchSwagLabsTest -->
        <test-method status="PASS" signature="LaunchSwagLabsTest(java.lang.String, java.lang.String, java.lang.String, java.lang.reflect.Method)[pri:0, instance:com.swaglabs.Tests.LaunchSwagLabs@2ef9b8bc]" name="LaunchSwagLabsTest" duration-ms="33741" started-at="2020-12-18T12:31:51Z" data-provider="hardCodedBrowsers" finished-at="2020-12-18T12:32:25Z">
          <params>
            <param index="0">
              <value>
                <![CDATA[chrome]]>
              </value>
            </param>
            <param index="1">
              <value>
                <![CDATA[latest]]>
              </value>
            </param>
            <param index="2">
              <value>
                <![CDATA[Windows 10]]>
              </value>
            </param>
            <param index="3">
              <value>
                <![CDATA[public void com.swaglabs.Tests.LaunchSwagLabs.LaunchSwagLabsTest(java.lang.String,java.lang.String,java.lang.String,java.lang.reflect.Method) throws java.net.MalformedURLException,org.openqa.selenium.InvalidElementStateException,java.rmi.UnexpectedException,java.lang.InterruptedException]]>
              </value>
            </param>
          </params>
          <reporter-output>
          </reporter-output>
        </test-method> <!-- LaunchSwagLabsTest -->
        <test-method status="PASS" signature="LaunchSwagLabsTest(java.lang.String, java.lang.String, java.lang.String, java.lang.reflect.Method)[pri:0, instance:com.swaglabs.Tests.LaunchSwagLabs@2ef9b8bc]" name="LaunchSwagLabsTest" duration-ms="37044" started-at="2020-12-18T12:31:51Z" data-provider="hardCodedBrowsers" finished-at="2020-12-18T12:32:28Z">
          <params>
            <param index="0">
              <value>
                <![CDATA[chrome]]>
              </value>
            </param>
            <param index="1">
              <value>
                <![CDATA[latest-1]]>
              </value>
            </param>
            <param index="2">
              <value>
                <![CDATA[Windows 10]]>
              </value>
            </param>
            <param index="3">
              <value>
                <![CDATA[public void com.swaglabs.Tests.LaunchSwagLabs.LaunchSwagLabsTest(java.lang.String,java.lang.String,java.lang.String,java.lang.reflect.Method) throws java.net.MalformedURLException,org.openqa.selenium.InvalidElementStateException,java.rmi.UnexpectedException,java.lang.InterruptedException]]>
              </value>
            </param>
          </params>
          <reporter-output>
          </reporter-output>
        </test-method> <!-- LaunchSwagLabsTest -->
        <test-method status="PASS" signature="LaunchSwagLabsTest(java.lang.String, java.lang.String, java.lang.String, java.lang.reflect.Method)[pri:0, instance:com.swaglabs.Tests.LaunchSwagLabs@2ef9b8bc]" name="LaunchSwagLabsTest" duration-ms="36473" started-at="2020-12-18T12:31:51Z" data-provider="hardCodedBrowsers" finished-at="2020-12-18T12:32:28Z">
          <params>
            <param index="0">
              <value>
                <![CDATA[chrome]]>
              </value>
            </param>
            <param index="1">
              <value>
                <![CDATA[latest-1]]>
              </value>
            </param>
            <param index="2">
              <value>
                <![CDATA[OS X 10.11]]>
              </value>
            </param>
            <param index="3">
              <value>
                <![CDATA[public void com.swaglabs.Tests.LaunchSwagLabs.LaunchSwagLabsTest(java.lang.String,java.lang.String,java.lang.String,java.lang.reflect.Method) throws java.net.MalformedURLException,org.openqa.selenium.InvalidElementStateException,java.rmi.UnexpectedException,java.lang.InterruptedException]]>
              </value>
            </param>
          </params>
          <reporter-output>
          </reporter-output>
        </test-method> <!-- LaunchSwagLabsTest -->
        <test-method status="PASS" signature="LaunchSwagLabsTest(java.lang.String, java.lang.String, java.lang.String, java.lang.reflect.Method)[pri:0, instance:com.swaglabs.Tests.LaunchSwagLabs@2ef9b8bc]" name="LaunchSwagLabsTest" duration-ms="35404" started-at="2020-12-18T12:31:51Z" data-provider="hardCodedBrowsers" finished-at="2020-12-18T12:32:27Z">
          <params>
            <param index="0">
              <value>
                <![CDATA[chrome]]>
              </value>
            </param>
            <param index="1">
              <value>
                <![CDATA[latest]]>
              </value>
            </param>
            <param index="2">
              <value>
                <![CDATA[OS X 10.11]]>
              </value>
            </param>
            <param index="3">
              <value>
                <![CDATA[public void com.swaglabs.Tests.LaunchSwagLabs.LaunchSwagLabsTest(java.lang.String,java.lang.String,java.lang.String,java.lang.reflect.Method) throws java.net.MalformedURLException,org.openqa.selenium.InvalidElementStateException,java.rmi.UnexpectedException,java.lang.InterruptedException]]>
              </value>
            </param>
          </params>
          <reporter-output>
          </reporter-output>
        </test-method> <!-- LaunchSwagLabsTest -->
        <test-method status="PASS" signature="LaunchSwagLabsTest(java.lang.String, java.lang.String, java.lang.String, java.lang.reflect.Method)[pri:0, instance:com.swaglabs.Tests.LaunchSwagLabs@2ef9b8bc]" name="LaunchSwagLabsTest" duration-ms="25779" started-at="2020-12-18T12:31:51Z" data-provider="hardCodedBrowsers" finished-at="2020-12-18T12:32:17Z">
          <params>
            <param index="0">
              <value>
                <![CDATA[firefox]]>
              </value>
            </param>
            <param index="1">
              <value>
                <![CDATA[latest]]>
              </value>
            </param>
            <param index="2">
              <value>
                <![CDATA[Windows 10]]>
              </value>
            </param>
            <param index="3">
              <value>
                <![CDATA[public void com.swaglabs.Tests.LaunchSwagLabs.LaunchSwagLabsTest(java.lang.String,java.lang.String,java.lang.String,java.lang.reflect.Method) throws java.net.MalformedURLException,org.openqa.selenium.InvalidElementStateException,java.rmi.UnexpectedException,java.lang.InterruptedException]]>
              </value>
            </param>
          </params>
          <reporter-output>
          </reporter-output>
        </test-method> <!-- LaunchSwagLabsTest -->
        <test-method status="PASS" signature="LaunchSwagLabsTest(java.lang.String, java.lang.String, java.lang.String, java.lang.reflect.Method)[pri:0, instance:com.swaglabs.Tests.LaunchSwagLabs@2ef9b8bc]" name="LaunchSwagLabsTest" duration-ms="19060" started-at="2020-12-18T12:31:51Z" data-provider="hardCodedBrowsers" finished-at="2020-12-18T12:32:10Z">
          <params>
            <param index="0">
              <value>
                <![CDATA[firefox]]>
              </value>
            </param>
            <param index="1">
              <value>
                <![CDATA[latest-1]]>
              </value>
            </param>
            <param index="2">
              <value>
                <![CDATA[Windows 8.1]]>
              </value>
            </param>
            <param index="3">
              <value>
                <![CDATA[public void com.swaglabs.Tests.LaunchSwagLabs.LaunchSwagLabsTest(java.lang.String,java.lang.String,java.lang.String,java.lang.reflect.Method) throws java.net.MalformedURLException,org.openqa.selenium.InvalidElementStateException,java.rmi.UnexpectedException,java.lang.InterruptedException]]>
              </value>
            </param>
          </params>
          <reporter-output>
          </reporter-output>
        </test-method> <!-- LaunchSwagLabsTest -->
        <test-method status="PASS" signature="tearDown(org.testng.ITestResult)[pri:0, instance:com.swaglabs.Tests.LaunchSwagLabs@2ef9b8bc]" name="tearDown" is-config="true" duration-ms="417" started-at="2020-12-18T12:32:06Z" finished-at="2020-12-18T12:32:07Z">
          <params>
            <param index="0">
              <value>
                <![CDATA[[TestResult name=LaunchSwagLabsTest status=SUCCESS method=LaunchSwagLabs.LaunchSwagLabsTest(java.lang.String, java.lang.String, java.lang.String, java.lang.reflect.Method)[pri:0, instance:com.swaglabs.Tests.LaunchSwagLabs@2ef9b8bc] output={null}]]]>
              </value>
            </param>
          </params>
          <reporter-output>
          </reporter-output>
        </test-method> <!-- tearDown -->
        <test-method status="PASS" signature="tearDown(org.testng.ITestResult)[pri:0, instance:com.swaglabs.Tests.LaunchSwagLabs@2ef9b8bc]" name="tearDown" is-config="true" duration-ms="461" started-at="2020-12-18T12:32:09Z" finished-at="2020-12-18T12:32:09Z">
          <params>
            <param index="0">
              <value>
                <![CDATA[[TestResult name=LaunchSwagLabsTest status=SUCCESS method=LaunchSwagLabs.LaunchSwagLabsTest(java.lang.String, java.lang.String, java.lang.String, java.lang.reflect.Method)[pri:0, instance:com.swaglabs.Tests.LaunchSwagLabs@2ef9b8bc] output={null}]]]>
              </value>
            </param>
          </params>
          <reporter-output>
          </reporter-output>
        </test-method> <!-- tearDown -->
        <test-method status="PASS" signature="tearDown(org.testng.ITestResult)[pri:0, instance:com.swaglabs.Tests.LaunchSwagLabs@2ef9b8bc]" name="tearDown" is-config="true" duration-ms="334" started-at="2020-12-18T12:32:10Z" finished-at="2020-12-18T12:32:11Z">
          <params>
            <param index="0">
              <value>
                <![CDATA[[TestResult name=LaunchSwagLabsTest status=SUCCESS method=LaunchSwagLabs.LaunchSwagLabsTest(java.lang.String, java.lang.String, java.lang.String, java.lang.reflect.Method)[pri:0, instance:com.swaglabs.Tests.LaunchSwagLabs@2ef9b8bc] output={null}]]]>
              </value>
            </param>
          </params>
          <reporter-output>
          </reporter-output>
        </test-method> <!-- tearDown -->
        <test-method status="PASS" signature="tearDown(org.testng.ITestResult)[pri:0, instance:com.swaglabs.Tests.LaunchSwagLabs@2ef9b8bc]" name="tearDown" is-config="true" duration-ms="371" started-at="2020-12-18T12:32:13Z" finished-at="2020-12-18T12:32:13Z">
          <params>
            <param index="0">
              <value>
                <![CDATA[[TestResult name=LaunchSwagLabsTest status=SUCCESS method=LaunchSwagLabs.LaunchSwagLabsTest(java.lang.String, java.lang.String, java.lang.String, java.lang.reflect.Method)[pri:0, instance:com.swaglabs.Tests.LaunchSwagLabs@2ef9b8bc] output={null}]]]>
              </value>
            </param>
          </params>
          <reporter-output>
          </reporter-output>
        </test-method> <!-- tearDown -->
        <test-method status="PASS" signature="tearDown(org.testng.ITestResult)[pri:0, instance:com.swaglabs.Tests.LaunchSwagLabs@2ef9b8bc]" name="tearDown" is-config="true" duration-ms="459" started-at="2020-12-18T12:32:17Z" finished-at="2020-12-18T12:32:17Z">
          <params>
            <param index="0">
              <value>
                <![CDATA[[TestResult name=LaunchSwagLabsTest status=SUCCESS method=LaunchSwagLabs.LaunchSwagLabsTest(java.lang.String, java.lang.String, java.lang.String, java.lang.reflect.Method)[pri:0, instance:com.swaglabs.Tests.LaunchSwagLabs@2ef9b8bc] output={null}]]]>
              </value>
            </param>
          </params>
          <reporter-output>
          </reporter-output>
        </test-method> <!-- tearDown -->
        <test-method status="PASS" signature="tearDown(org.testng.ITestResult)[pri:0, instance:com.swaglabs.Tests.LaunchSwagLabs@2ef9b8bc]" name="tearDown" is-config="true" duration-ms="432" started-at="2020-12-18T12:32:17Z" finished-at="2020-12-18T12:32:17Z">
          <params>
            <param index="0">
              <value>
                <![CDATA[[TestResult name=LaunchSwagLabsTest status=SUCCESS method=LaunchSwagLabs.LaunchSwagLabsTest(java.lang.String, java.lang.String, java.lang.String, java.lang.reflect.Method)[pri:0, instance:com.swaglabs.Tests.LaunchSwagLabs@2ef9b8bc] output={null}]]]>
              </value>
            </param>
          </params>
          <reporter-output>
          </reporter-output>
        </test-method> <!-- tearDown -->
        <test-method status="PASS" signature="tearDown(org.testng.ITestResult)[pri:0, instance:com.swaglabs.Tests.LaunchSwagLabs@2ef9b8bc]" name="tearDown" is-config="true" duration-ms="311" started-at="2020-12-18T12:32:25Z" finished-at="2020-12-18T12:32:25Z">
          <params>
            <param index="0">
              <value>
                <![CDATA[[TestResult name=LaunchSwagLabsTest status=SUCCESS method=LaunchSwagLabs.LaunchSwagLabsTest(java.lang.String, java.lang.String, java.lang.String, java.lang.reflect.Method)[pri:0, instance:com.swaglabs.Tests.LaunchSwagLabs@2ef9b8bc] output={null}]]]>
              </value>
            </param>
          </params>
          <reporter-output>
          </reporter-output>
        </test-method> <!-- tearDown -->
        <test-method status="PASS" signature="tearDown(org.testng.ITestResult)[pri:0, instance:com.swaglabs.Tests.LaunchSwagLabs@2ef9b8bc]" name="tearDown" is-config="true" duration-ms="549" started-at="2020-12-18T12:32:27Z" finished-at="2020-12-18T12:32:27Z">
          <params>
            <param index="0">
              <value>
                <![CDATA[[TestResult name=LaunchSwagLabsTest status=SUCCESS method=LaunchSwagLabs.LaunchSwagLabsTest(java.lang.String, java.lang.String, java.lang.String, java.lang.reflect.Method)[pri:0, instance:com.swaglabs.Tests.LaunchSwagLabs@2ef9b8bc] output={null}]]]>
              </value>
            </param>
          </params>
          <reporter-output>
          </reporter-output>
        </test-method> <!-- tearDown -->
        <test-method status="PASS" signature="tearDown(org.testng.ITestResult)[pri:0, instance:com.swaglabs.Tests.LaunchSwagLabs@2ef9b8bc]" name="tearDown" is-config="true" duration-ms="493" started-at="2020-12-18T12:32:28Z" finished-at="2020-12-18T12:32:28Z">
          <params>
            <param index="0">
              <value>
                <![CDATA[[TestResult name=LaunchSwagLabsTest status=SUCCESS method=LaunchSwagLabs.LaunchSwagLabsTest(java.lang.String, java.lang.String, java.lang.String, java.lang.reflect.Method)[pri:0, instance:com.swaglabs.Tests.LaunchSwagLabs@2ef9b8bc] output={null}]]]>
              </value>
            </param>
          </params>
          <reporter-output>
          </reporter-output>
        </test-method> <!-- tearDown -->
        <test-method status="PASS" signature="tearDown(org.testng.ITestResult)[pri:0, instance:com.swaglabs.Tests.LaunchSwagLabs@2ef9b8bc]" name="tearDown" is-config="true" duration-ms="388" started-at="2020-12-18T12:32:28Z" finished-at="2020-12-18T12:32:29Z">
          <params>
            <param index="0">
              <value>
                <![CDATA[[TestResult name=LaunchSwagLabsTest status=SUCCESS method=LaunchSwagLabs.LaunchSwagLabsTest(java.lang.String, java.lang.String, java.lang.String, java.lang.reflect.Method)[pri:0, instance:com.swaglabs.Tests.LaunchSwagLabs@2ef9b8bc] output={null}]]]>
              </value>
            </param>
          </params>
          <reporter-output>
          </reporter-output>
        </test-method> <!-- tearDown -->
      </class> <!-- com.swaglabs.Tests.LaunchSwagLabs -->
      <class name="com.swaglabs.Tests.AddToCartSingleItem">
        <test-method status="PASS" signature="AddToCartSingleItemTest(java.lang.String, java.lang.String, java.lang.String, java.lang.reflect.Method)[pri:0, instance:com.swaglabs.Tests.AddToCartSingleItem@1e67b872]" name="AddToCartSingleItemTest" duration-ms="34850" started-at="2020-12-18T12:31:51Z" data-provider="hardCodedBrowsers" finished-at="2020-12-18T12:32:26Z">
          <params>
            <param index="0">
              <value>
                <![CDATA[firefox]]>
              </value>
            </param>
            <param index="1">
              <value>
                <![CDATA[latest-1]]>
              </value>
            </param>
            <param index="2">
              <value>
                <![CDATA[Windows 10]]>
              </value>
            </param>
            <param index="3">
              <value>
                <![CDATA[public void com.swaglabs.Tests.AddToCartSingleItem.AddToCartSingleItemTest(java.lang.String,java.lang.String,java.lang.String,java.lang.reflect.Method) throws java.net.MalformedURLException,org.openqa.selenium.InvalidElementStateException,java.rmi.UnexpectedException,java.lang.InterruptedException]]>
              </value>
            </param>
          </params>
          <reporter-output>
          </reporter-output>
        </test-method> <!-- AddToCartSingleItemTest -->
        <test-method status="PASS" signature="AddToCartSingleItemTest(java.lang.String, java.lang.String, java.lang.String, java.lang.reflect.Method)[pri:0, instance:com.swaglabs.Tests.AddToCartSingleItem@1e67b872]" name="AddToCartSingleItemTest" duration-ms="36454" started-at="2020-12-18T12:31:51Z" data-provider="hardCodedBrowsers" finished-at="2020-12-18T12:32:28Z">
          <params>
            <param index="0">
              <value>
                <![CDATA[firefox]]>
              </value>
            </param>
            <param index="1">
              <value>
                <![CDATA[latest]]>
              </value>
            </param>
            <param index="2">
              <value>
                <![CDATA[Windows 10]]>
              </value>
            </param>
            <param index="3">
              <value>
                <![CDATA[public void com.swaglabs.Tests.AddToCartSingleItem.AddToCartSingleItemTest(java.lang.String,java.lang.String,java.lang.String,java.lang.reflect.Method) throws java.net.MalformedURLException,org.openqa.selenium.InvalidElementStateException,java.rmi.UnexpectedException,java.lang.InterruptedException]]>
              </value>
            </param>
          </params>
          <reporter-output>
          </reporter-output>
        </test-method> <!-- AddToCartSingleItemTest -->
        <test-method status="FAIL" signature="AddToCartSingleItemTest(java.lang.String, java.lang.String, java.lang.String, java.lang.reflect.Method)[pri:0, instance:com.swaglabs.Tests.AddToCartSingleItem@1e67b872]" name="AddToCartSingleItemTest" duration-ms="81498" started-at="2020-12-18T12:31:51Z" data-provider="hardCodedBrowsers" finished-at="2020-12-18T12:33:13Z">
          <params>
            <param index="0">
              <value>
                <![CDATA[safari]]>
              </value>
            </param>
            <param index="1">
              <value>
                <![CDATA[latest]]>
              </value>
            </param>
            <param index="2">
              <value>
                <![CDATA[OS X 10.11]]>
              </value>
            </param>
            <param index="3">
              <value>
                <![CDATA[public void com.swaglabs.Tests.AddToCartSingleItem.AddToCartSingleItemTest(java.lang.String,java.lang.String,java.lang.String,java.lang.reflect.Method) throws java.net.MalformedURLException,org.openqa.selenium.InvalidElementStateException,java.rmi.UnexpectedException,java.lang.InterruptedException]]>
              </value>
            </param>
          </params>
          <exception class="org.openqa.selenium.TimeoutException">
            <message>
              <![CDATA[Expected condition failed: waiting for visibility of Proxy element for: DefaultElementLocator 'By.xpath: //div[@class='product_label']' (tried for 30 second(s) with 500 milliseconds interval)]]>
            </message>
            <full-stacktrace>
              <![CDATA[org.openqa.selenium.TimeoutException: Expected condition failed: waiting for visibility of Proxy element for: DefaultElementLocator 'By.xpath: //div[@class='product_label']' (tried for 30 second(s) with 500 milliseconds interval)
	at org.openqa.selenium.support.ui.WebDriverWait.timeoutException(WebDriverWait.java:95)
	at org.openqa.selenium.support.ui.FluentWait.until(FluentWait.java:272)
	at com.swaglabs.Pages.InventoryPage.viewInventory(InventoryPage.java:56)
	at com.swaglabs.Tests.AddToCartSingleItem.AddToCartSingleItemTest(AddToCartSingleItem.java:54)
	at sun.reflect.NativeMethodAccessorImpl.invoke0(Native Method)
	at sun.reflect.NativeMethodAccessorImpl.invoke(NativeMethodAccessorImpl.java:62)
	at sun.reflect.DelegatingMethodAccessorImpl.invoke(DelegatingMethodAccessorImpl.java:43)
	at java.lang.reflect.Method.invoke(Method.java:498)
	at org.testng.internal.MethodInvocationHelper.invokeMethod(MethodInvocationHelper.java:86)
	at org.testng.internal.Invoker.invokeMethod(Invoker.java:643)
	at org.testng.internal.Invoker.invokeTestMethod(Invoker.java:820)
	at org.testng.internal.TestMethodWithDataProviderMethodWorker.call(TestMethodWithDataProviderMethodWorker.java:75)
	at org.testng.internal.TestMethodWithDataProviderMethodWorker.call(TestMethodWithDataProviderMethodWorker.java:14)
	at java.util.concurrent.FutureTask.run(FutureTask.java:266)
	at java.util.concurrent.Executors$RunnableAdapter.call(Executors.java:511)
	at java.util.concurrent.FutureTask.run(FutureTask.java:266)
	at java.util.concurrent.ThreadPoolExecutor.runWorker(ThreadPoolExecutor.java:1149)
	at java.util.concurrent.ThreadPoolExecutor$Worker.run(ThreadPoolExecutor.java:624)
	at java.lang.Thread.run(Thread.java:748)
Caused by: org.openqa.selenium.NoSuchElementException: Could not find element: {"using":"xpath","value":"//div[@class='product_label']"} (WARNING: The server did not provide any stacktrace information)
Command duration or timeout: 20.07 seconds
For documentation on this error, please visit: http://seleniumhq.org/exceptions/no_such_element.html
Build info: version: '2.48.0', revision: 'b7b081a', time: '2015-10-07 15:48:56'
System info: host: 'itako6908.prod.miso', ip: '10.125.23.247', os.name: 'Mac OS X', os.arch: 'x86_64', os.version: '10.11.6', java.version: '1.8.0_102'
Driver info: org.openqa.selenium.safari.SafariDriver
Capabilities [{browserName=safari, takesScreenshot=true, javascriptEnabled=true, version=10.0.1, cssSelectorsEnabled=true, platform=MAC, secureSsl=true}]
Session ID: null
*** Element info: {Using=xpath, value=//div[@class='product_label']}
Command duration or timeout: 0 milliseconds
	at sun.reflect.GeneratedConstructorAccessor98.newInstance(Unknown Source)
	at sun.reflect.DelegatingConstructorAccessorImpl.newInstance(DelegatingConstructorAccessorImpl.java:45)
	at java.lang.reflect.Constructor.newInstance(Constructor.java:423)
	at org.openqa.selenium.remote.ErrorHandler.createThrowable(ErrorHandler.java:214)
	at org.openqa.selenium.remote.ErrorHandler.throwIfResponseFailed(ErrorHandler.java:166)
	at org.openqa.selenium.remote.http.JsonHttpResponseCodec.reconstructValue(JsonHttpResponseCodec.java:40)
	at org.openqa.selenium.remote.http.AbstractHttpResponseCodec.decode(AbstractHttpResponseCodec.java:80)
	at org.openqa.selenium.remote.http.AbstractHttpResponseCodec.decode(AbstractHttpResponseCodec.java:44)
	at org.openqa.selenium.remote.HttpCommandExecutor.execute(HttpCommandExecutor.java:158)
	at org.openqa.selenium.remote.RemoteWebDriver.execute(RemoteWebDriver.java:552)
	at org.openqa.selenium.remote.RemoteWebDriver.findElement(RemoteWebDriver.java:323)
	at org.openqa.selenium.remote.RemoteWebDriver.findElementByXPath(RemoteWebDriver.java:428)
	at org.openqa.selenium.By$ByXPath.findElement(By.java:353)
	at org.openqa.selenium.remote.RemoteWebDriver.findElement(RemoteWebDriver.java:315)
	at org.openqa.selenium.support.pagefactory.DefaultElementLocator.findElement(DefaultElementLocator.java:69)
	at org.openqa.selenium.support.pagefactory.internal.LocatingElementHandler.invoke(LocatingElementHandler.java:38)
	at com.sun.proxy.$Proxy7.isDisplayed(Unknown Source)
	at org.openqa.selenium.support.ui.ExpectedConditions.elementIfVisible(ExpectedConditions.java:314)
	at org.openqa.selenium.support.ui.ExpectedConditions.access$000(ExpectedConditions.java:43)
	at org.openqa.selenium.support.ui.ExpectedConditions$10.apply(ExpectedConditions.java:300)
	at org.openqa.selenium.support.ui.ExpectedConditions$10.apply(ExpectedConditions.java:297)
	at org.openqa.selenium.support.ui.FluentWait.until(FluentWait.java:249)
	... 17 more
Caused by: org.openqa.selenium.NoSuchElementException: Could not find element: {"using":"xpath","value":"//div[@class='product_label']"} (WARNING: The server did not provide any stacktrace information)
Command duration or timeout: 20.07 seconds
For documentation on this error, please visit: http://seleniumhq.org/exceptions/no_such_element.html
Build info: version: '2.48.0', revision: 'b7b081a', time: '2015-10-07 15:48:56'
System info: host: 'itako6908.prod.miso', ip: '10.125.23.247', os.name: 'Mac OS X', os.arch: 'x86_64', os.version: '10.11.6', java.version: '1.8.0_102'
Driver info: org.openqa.selenium.safari.SafariDriver
Capabilities [{browserName=safari, takesScreenshot=true, javascriptEnabled=true, version=10.0.1, cssSelectorsEnabled=true, platform=MAC, secureSsl=true}]
Session ID: null
*** Element info: {Using=xpath, value=//div[@class='product_label']}
For documentation on this error, please visit: https://www.seleniumhq.org/exceptions/no_such_element.html
Build info: version: '3.141.59', revision: 'e82be7d358', time: '2018-11-14T08:17:03'
System info: host: 'SL-1549.local', ip: 'fe80:0:0:0:83c:5ee4:73ec:c208%en0', os.name: 'Mac OS X', os.arch: 'x86_64', os.version: '10.15.7', java.version: '1.8.0_271'
Driver info: driver.version: EventFiringWebDriver
	at sun.reflect.NativeConstructorAccessorImpl.newInstance0(Native Method)
	at sun.reflect.NativeConstructorAccessorImpl.newInstance(NativeConstructorAccessorImpl.java:62)
	at sun.reflect.DelegatingConstructorAccessorImpl.newInstance(DelegatingConstructorAccessorImpl.java:45)
	at java.lang.reflect.Constructor.newInstance(Constructor.java:423)
	at org.openqa.selenium.remote.ErrorHandler.createThrowable(ErrorHandler.java:206)
	at org.openqa.selenium.remote.ErrorHandler.throwIfResponseFailed(ErrorHandler.java:158)
	at org.openqa.selenium.remote.RemoteWebDriver.execute(RemoteWebDriver.java:647)
	at org.openqa.selenium.remote.RemoteWebDriver.findElement(RemoteWebDriver.java:353)
	at org.openqa.selenium.remote.RemoteWebDriver.findElementByXPath(RemoteWebDriver.java:490)
	at org.openqa.selenium.By$ByXPath.findElement(By.java:361)
	at org.openqa.selenium.remote.RemoteWebDriver.findElement(RemoteWebDriver.java:345)
	at sun.reflect.NativeMethodAccessorImpl.invoke0(Native Method)
	at sun.reflect.NativeMethodAccessorImpl.invoke(NativeMethodAccessorImpl.java:62)
	at sun.reflect.DelegatingMethodAccessorImpl.invoke(DelegatingMethodAccessorImpl.java:43)
	at java.lang.reflect.Method.invoke(Method.java:498)
	at org.openqa.selenium.support.events.EventFiringWebDriver$2.invoke(EventFiringWebDriver.java:102)
	at com.sun.proxy.$Proxy1.findElement(Unknown Source)
	at org.openqa.selenium.support.events.EventFiringWebDriver.findElement(EventFiringWebDriver.java:187)
	at org.openqa.selenium.remote.server.handler.FindElement.call(FindElement.java:48)
	at org.openqa.selenium.remote.server.handler.FindElement.call(FindElement.java:1)
	at java.util.concurrent.FutureTask.run(FutureTask.java:266)
	at org.openqa.selenium.remote.server.DefaultSession$1.run(DefaultSession.java:176)
	at java.util.concurrent.ThreadPoolExecutor.runWorker(ThreadPoolExecutor.java:1142)
	at java.util.concurrent.ThreadPoolExecutor$Worker.run(ThreadPoolExecutor.java:617)
	at java.lang.Thread.run(Thread.java:745)
]]>
            </full-stacktrace>
          </exception> <!-- org.openqa.selenium.TimeoutException -->
          <reporter-output>
          </reporter-output>
        </test-method> <!-- AddToCartSingleItemTest -->
        <test-method status="FAIL" signature="AddToCartSingleItemTest(java.lang.String, java.lang.String, java.lang.String, java.lang.reflect.Method)[pri:0, instance:com.swaglabs.Tests.AddToCartSingleItem@1e67b872]" name="AddToCartSingleItemTest" duration-ms="90570" started-at="2020-12-18T12:31:51Z" data-provider="hardCodedBrowsers" finished-at="2020-12-18T12:33:22Z">
          <params>
            <param index="0">
              <value>
                <![CDATA[safari]]>
              </value>
            </param>
            <param index="1">
              <value>
                <![CDATA[latest-1]]>
              </value>
            </param>
            <param index="2">
              <value>
                <![CDATA[OS X 10.11]]>
              </value>
            </param>
            <param index="3">
              <value>
                <![CDATA[public void com.swaglabs.Tests.AddToCartSingleItem.AddToCartSingleItemTest(java.lang.String,java.lang.String,java.lang.String,java.lang.reflect.Method) throws java.net.MalformedURLException,org.openqa.selenium.InvalidElementStateException,java.rmi.UnexpectedException,java.lang.InterruptedException]]>
              </value>
            </param>
          </params>
          <exception class="org.openqa.selenium.TimeoutException">
            <message>
              <![CDATA[Expected condition failed: waiting for visibility of Proxy element for: DefaultElementLocator 'By.xpath: //div[@class='product_label']' (tried for 30 second(s) with 500 milliseconds interval)]]>
            </message>
            <full-stacktrace>
              <![CDATA[org.openqa.selenium.TimeoutException: Expected condition failed: waiting for visibility of Proxy element for: DefaultElementLocator 'By.xpath: //div[@class='product_label']' (tried for 30 second(s) with 500 milliseconds interval)
	at org.openqa.selenium.support.ui.WebDriverWait.timeoutException(WebDriverWait.java:95)
	at org.openqa.selenium.support.ui.FluentWait.until(FluentWait.java:272)
	at com.swaglabs.Pages.InventoryPage.viewInventory(InventoryPage.java:56)
	at com.swaglabs.Tests.AddToCartSingleItem.AddToCartSingleItemTest(AddToCartSingleItem.java:54)
	at sun.reflect.NativeMethodAccessorImpl.invoke0(Native Method)
	at sun.reflect.NativeMethodAccessorImpl.invoke(NativeMethodAccessorImpl.java:62)
	at sun.reflect.DelegatingMethodAccessorImpl.invoke(DelegatingMethodAccessorImpl.java:43)
	at java.lang.reflect.Method.invoke(Method.java:498)
	at org.testng.internal.MethodInvocationHelper.invokeMethod(MethodInvocationHelper.java:86)
	at org.testng.internal.Invoker.invokeMethod(Invoker.java:643)
	at org.testng.internal.Invoker.invokeTestMethod(Invoker.java:820)
	at org.testng.internal.TestMethodWithDataProviderMethodWorker.call(TestMethodWithDataProviderMethodWorker.java:75)
	at org.testng.internal.TestMethodWithDataProviderMethodWorker.call(TestMethodWithDataProviderMethodWorker.java:14)
	at java.util.concurrent.FutureTask.run(FutureTask.java:266)
	at java.util.concurrent.Executors$RunnableAdapter.call(Executors.java:511)
	at java.util.concurrent.FutureTask.run(FutureTask.java:266)
	at java.util.concurrent.ThreadPoolExecutor.runWorker(ThreadPoolExecutor.java:1149)
	at java.util.concurrent.ThreadPoolExecutor$Worker.run(ThreadPoolExecutor.java:624)
	at java.lang.Thread.run(Thread.java:748)
Caused by: org.openqa.selenium.NoSuchElementException: Could not find element: {"using":"xpath","value":"//div[@class='product_label']"} (WARNING: The server did not provide any stacktrace information)
Command duration or timeout: 20.03 seconds
For documentation on this error, please visit: http://seleniumhq.org/exceptions/no_such_element.html
Build info: version: '2.48.0', revision: 'b7b081a', time: '2015-10-07 15:48:56'
System info: host: 'itako5478.prod.miso', ip: '10.125.26.187', os.name: 'Mac OS X', os.arch: 'x86_64', os.version: '10.11.6', java.version: '1.8.0_102'
Driver info: org.openqa.selenium.safari.SafariDriver
Capabilities [{browserName=safari, takesScreenshot=true, javascriptEnabled=true, version=10.0.1, cssSelectorsEnabled=true, platform=MAC, secureSsl=true}]
Session ID: null
*** Element info: {Using=xpath, value=//div[@class='product_label']}
Command duration or timeout: 0 milliseconds
	at sun.reflect.GeneratedConstructorAccessor98.newInstance(Unknown Source)
	at sun.reflect.DelegatingConstructorAccessorImpl.newInstance(DelegatingConstructorAccessorImpl.java:45)
	at java.lang.reflect.Constructor.newInstance(Constructor.java:423)
	at org.openqa.selenium.remote.ErrorHandler.createThrowable(ErrorHandler.java:214)
	at org.openqa.selenium.remote.ErrorHandler.throwIfResponseFailed(ErrorHandler.java:166)
	at org.openqa.selenium.remote.http.JsonHttpResponseCodec.reconstructValue(JsonHttpResponseCodec.java:40)
	at org.openqa.selenium.remote.http.AbstractHttpResponseCodec.decode(AbstractHttpResponseCodec.java:80)
	at org.openqa.selenium.remote.http.AbstractHttpResponseCodec.decode(AbstractHttpResponseCodec.java:44)
	at org.openqa.selenium.remote.HttpCommandExecutor.execute(HttpCommandExecutor.java:158)
	at org.openqa.selenium.remote.RemoteWebDriver.execute(RemoteWebDriver.java:552)
	at org.openqa.selenium.remote.RemoteWebDriver.findElement(RemoteWebDriver.java:323)
	at org.openqa.selenium.remote.RemoteWebDriver.findElementByXPath(RemoteWebDriver.java:428)
	at org.openqa.selenium.By$ByXPath.findElement(By.java:353)
	at org.openqa.selenium.remote.RemoteWebDriver.findElement(RemoteWebDriver.java:315)
	at org.openqa.selenium.support.pagefactory.DefaultElementLocator.findElement(DefaultElementLocator.java:69)
	at org.openqa.selenium.support.pagefactory.internal.LocatingElementHandler.invoke(LocatingElementHandler.java:38)
	at com.sun.proxy.$Proxy7.isDisplayed(Unknown Source)
	at org.openqa.selenium.support.ui.ExpectedConditions.elementIfVisible(ExpectedConditions.java:314)
	at org.openqa.selenium.support.ui.ExpectedConditions.access$000(ExpectedConditions.java:43)
	at org.openqa.selenium.support.ui.ExpectedConditions$10.apply(ExpectedConditions.java:300)
	at org.openqa.selenium.support.ui.ExpectedConditions$10.apply(ExpectedConditions.java:297)
	at org.openqa.selenium.support.ui.FluentWait.until(FluentWait.java:249)
	... 17 more
Caused by: org.openqa.selenium.NoSuchElementException: Could not find element: {"using":"xpath","value":"//div[@class='product_label']"} (WARNING: The server did not provide any stacktrace information)
Command duration or timeout: 20.03 seconds
For documentation on this error, please visit: http://seleniumhq.org/exceptions/no_such_element.html
Build info: version: '2.48.0', revision: 'b7b081a', time: '2015-10-07 15:48:56'
System info: host: 'itako5478.prod.miso', ip: '10.125.26.187', os.name: 'Mac OS X', os.arch: 'x86_64', os.version: '10.11.6', java.version: '1.8.0_102'
Driver info: org.openqa.selenium.safari.SafariDriver
Capabilities [{browserName=safari, takesScreenshot=true, javascriptEnabled=true, version=10.0.1, cssSelectorsEnabled=true, platform=MAC, secureSsl=true}]
Session ID: null
*** Element info: {Using=xpath, value=//div[@class='product_label']}
For documentation on this error, please visit: https://www.seleniumhq.org/exceptions/no_such_element.html
Build info: version: '3.141.59', revision: 'e82be7d358', time: '2018-11-14T08:17:03'
System info: host: 'SL-1549.local', ip: 'fe80:0:0:0:83c:5ee4:73ec:c208%en0', os.name: 'Mac OS X', os.arch: 'x86_64', os.version: '10.15.7', java.version: '1.8.0_271'
Driver info: driver.version: EventFiringWebDriver
	at sun.reflect.NativeConstructorAccessorImpl.newInstance0(Native Method)
	at sun.reflect.NativeConstructorAccessorImpl.newInstance(NativeConstructorAccessorImpl.java:62)
	at sun.reflect.DelegatingConstructorAccessorImpl.newInstance(DelegatingConstructorAccessorImpl.java:45)
	at java.lang.reflect.Constructor.newInstance(Constructor.java:423)
	at org.openqa.selenium.remote.ErrorHandler.createThrowable(ErrorHandler.java:206)
	at org.openqa.selenium.remote.ErrorHandler.throwIfResponseFailed(ErrorHandler.java:158)
	at org.openqa.selenium.remote.RemoteWebDriver.execute(RemoteWebDriver.java:647)
	at org.openqa.selenium.remote.RemoteWebDriver.findElement(RemoteWebDriver.java:353)
	at org.openqa.selenium.remote.RemoteWebDriver.findElementByXPath(RemoteWebDriver.java:490)
	at org.openqa.selenium.By$ByXPath.findElement(By.java:361)
	at org.openqa.selenium.remote.RemoteWebDriver.findElement(RemoteWebDriver.java:345)
	at sun.reflect.NativeMethodAccessorImpl.invoke0(Native Method)
	at sun.reflect.NativeMethodAccessorImpl.invoke(NativeMethodAccessorImpl.java:62)
	at sun.reflect.DelegatingMethodAccessorImpl.invoke(DelegatingMethodAccessorImpl.java:43)
	at java.lang.reflect.Method.invoke(Method.java:498)
	at org.openqa.selenium.support.events.EventFiringWebDriver$2.invoke(EventFiringWebDriver.java:102)
	at com.sun.proxy.$Proxy1.findElement(Unknown Source)
	at org.openqa.selenium.support.events.EventFiringWebDriver.findElement(EventFiringWebDriver.java:187)
	at org.openqa.selenium.remote.server.handler.FindElement.call(FindElement.java:48)
	at org.openqa.selenium.remote.server.handler.FindElement.call(FindElement.java:1)
	at java.util.concurrent.FutureTask.run(FutureTask.java:266)
	at org.openqa.selenium.remote.server.DefaultSession$1.run(DefaultSession.java:176)
	at java.util.concurrent.ThreadPoolExecutor.runWorker(ThreadPoolExecutor.java:1142)
	at java.util.concurrent.ThreadPoolExecutor$Worker.run(ThreadPoolExecutor.java:617)
	at java.lang.Thread.run(Thread.java:745)
]]>
            </full-stacktrace>
          </exception> <!-- org.openqa.selenium.TimeoutException -->
          <reporter-output>
          </reporter-output>
        </test-method> <!-- AddToCartSingleItemTest -->
        <test-method status="PASS" signature="AddToCartSingleItemTest(java.lang.String, java.lang.String, java.lang.String, java.lang.reflect.Method)[pri:0, instance:com.swaglabs.Tests.AddToCartSingleItem@1e67b872]" name="AddToCartSingleItemTest" duration-ms="80847" started-at="2020-12-18T12:31:51Z" data-provider="hardCodedBrowsers" finished-at="2020-12-18T12:33:12Z">
          <params>
            <param index="0">
              <value>
                <![CDATA[chrome]]>
              </value>
            </param>
            <param index="1">
              <value>
                <![CDATA[latest]]>
              </value>
            </param>
            <param index="2">
              <value>
                <![CDATA[Windows 10]]>
              </value>
            </param>
            <param index="3">
              <value>
                <![CDATA[public void com.swaglabs.Tests.AddToCartSingleItem.AddToCartSingleItemTest(java.lang.String,java.lang.String,java.lang.String,java.lang.reflect.Method) throws java.net.MalformedURLException,org.openqa.selenium.InvalidElementStateException,java.rmi.UnexpectedException,java.lang.InterruptedException]]>
              </value>
            </param>
          </params>
          <reporter-output>
          </reporter-output>
        </test-method> <!-- AddToCartSingleItemTest -->
        <test-method status="PASS" signature="AddToCartSingleItemTest(java.lang.String, java.lang.String, java.lang.String, java.lang.reflect.Method)[pri:0, instance:com.swaglabs.Tests.AddToCartSingleItem@1e67b872]" name="AddToCartSingleItemTest" duration-ms="76225" started-at="2020-12-18T12:31:51Z" data-provider="hardCodedBrowsers" finished-at="2020-12-18T12:33:07Z">
          <params>
            <param index="0">
              <value>
                <![CDATA[chrome]]>
              </value>
            </param>
            <param index="1">
              <value>
                <![CDATA[latest-1]]>
              </value>
            </param>
            <param index="2">
              <value>
                <![CDATA[Windows 10]]>
              </value>
            </param>
            <param index="3">
              <value>
                <![CDATA[public void com.swaglabs.Tests.AddToCartSingleItem.AddToCartSingleItemTest(java.lang.String,java.lang.String,java.lang.String,java.lang.reflect.Method) throws java.net.MalformedURLException,org.openqa.selenium.InvalidElementStateException,java.rmi.UnexpectedException,java.lang.InterruptedException]]>
              </value>
            </param>
          </params>
          <reporter-output>
          </reporter-output>
        </test-method> <!-- AddToCartSingleItemTest -->
        <test-method status="PASS" signature="AddToCartSingleItemTest(java.lang.String, java.lang.String, java.lang.String, java.lang.reflect.Method)[pri:0, instance:com.swaglabs.Tests.AddToCartSingleItem@1e67b872]" name="AddToCartSingleItemTest" duration-ms="85421" started-at="2020-12-18T12:31:51Z" data-provider="hardCodedBrowsers" finished-at="2020-12-18T12:33:17Z">
          <params>
            <param index="0">
              <value>
                <![CDATA[chrome]]>
              </value>
            </param>
            <param index="1">
              <value>
                <![CDATA[latest-1]]>
              </value>
            </param>
            <param index="2">
              <value>
                <![CDATA[OS X 10.11]]>
              </value>
            </param>
            <param index="3">
              <value>
                <![CDATA[public void com.swaglabs.Tests.AddToCartSingleItem.AddToCartSingleItemTest(java.lang.String,java.lang.String,java.lang.String,java.lang.reflect.Method) throws java.net.MalformedURLException,org.openqa.selenium.InvalidElementStateException,java.rmi.UnexpectedException,java.lang.InterruptedException]]>
              </value>
            </param>
          </params>
          <reporter-output>
          </reporter-output>
        </test-method> <!-- AddToCartSingleItemTest -->
        <test-method status="PASS" signature="AddToCartSingleItemTest(java.lang.String, java.lang.String, java.lang.String, java.lang.reflect.Method)[pri:0, instance:com.swaglabs.Tests.AddToCartSingleItem@1e67b872]" name="AddToCartSingleItemTest" duration-ms="86503" started-at="2020-12-18T12:31:51Z" data-provider="hardCodedBrowsers" finished-at="2020-12-18T12:33:18Z">
          <params>
            <param index="0">
              <value>
                <![CDATA[chrome]]>
              </value>
            </param>
            <param index="1">
              <value>
                <![CDATA[latest]]>
              </value>
            </param>
            <param index="2">
              <value>
                <![CDATA[OS X 10.11]]>
              </value>
            </param>
            <param index="3">
              <value>
                <![CDATA[public void com.swaglabs.Tests.AddToCartSingleItem.AddToCartSingleItemTest(java.lang.String,java.lang.String,java.lang.String,java.lang.reflect.Method) throws java.net.MalformedURLException,org.openqa.selenium.InvalidElementStateException,java.rmi.UnexpectedException,java.lang.InterruptedException]]>
              </value>
            </param>
          </params>
          <reporter-output>
          </reporter-output>
        </test-method> <!-- AddToCartSingleItemTest -->
        <test-method status="PASS" signature="AddToCartSingleItemTest(java.lang.String, java.lang.String, java.lang.String, java.lang.reflect.Method)[pri:0, instance:com.swaglabs.Tests.AddToCartSingleItem@1e67b872]" name="AddToCartSingleItemTest" duration-ms="27666" started-at="2020-12-18T12:31:51Z" data-provider="hardCodedBrowsers" finished-at="2020-12-18T12:32:19Z">
          <params>
            <param index="0">
              <value>
                <![CDATA[firefox]]>
              </value>
            </param>
            <param index="1">
              <value>
                <![CDATA[latest-1]]>
              </value>
            </param>
            <param index="2">
              <value>
                <![CDATA[Windows 8.1]]>
              </value>
            </param>
            <param index="3">
              <value>
                <![CDATA[public void com.swaglabs.Tests.AddToCartSingleItem.AddToCartSingleItemTest(java.lang.String,java.lang.String,java.lang.String,java.lang.reflect.Method) throws java.net.MalformedURLException,org.openqa.selenium.InvalidElementStateException,java.rmi.UnexpectedException,java.lang.InterruptedException]]>
              </value>
            </param>
          </params>
          <reporter-output>
          </reporter-output>
        </test-method> <!-- AddToCartSingleItemTest -->
        <test-method status="PASS" signature="AddToCartSingleItemTest(java.lang.String, java.lang.String, java.lang.String, java.lang.reflect.Method)[pri:0, instance:com.swaglabs.Tests.AddToCartSingleItem@1e67b872]" name="AddToCartSingleItemTest" duration-ms="35537" started-at="2020-12-18T12:31:51Z" data-provider="hardCodedBrowsers" finished-at="2020-12-18T12:32:27Z">
          <params>
            <param index="0">
              <value>
                <![CDATA[firefox]]>
              </value>
            </param>
            <param index="1">
              <value>
                <![CDATA[latest]]>
              </value>
            </param>
            <param index="2">
              <value>
                <![CDATA[Windows 10]]>
              </value>
            </param>
            <param index="3">
              <value>
                <![CDATA[public void com.swaglabs.Tests.AddToCartSingleItem.AddToCartSingleItemTest(java.lang.String,java.lang.String,java.lang.String,java.lang.reflect.Method) throws java.net.MalformedURLException,org.openqa.selenium.InvalidElementStateException,java.rmi.UnexpectedException,java.lang.InterruptedException]]>
              </value>
            </param>
          </params>
          <reporter-output>
          </reporter-output>
        </test-method> <!-- AddToCartSingleItemTest -->
        <test-method status="PASS" signature="tearDown(org.testng.ITestResult)[pri:0, instance:com.swaglabs.Tests.AddToCartSingleItem@1e67b872]" name="tearDown" is-config="true" duration-ms="373" started-at="2020-12-18T12:32:19Z" finished-at="2020-12-18T12:32:19Z">
          <params>
            <param index="0">
              <value>
                <![CDATA[[TestResult name=AddToCartSingleItemTest status=SUCCESS method=AddToCartSingleItem.AddToCartSingleItemTest(java.lang.String, java.lang.String, java.lang.String, java.lang.reflect.Method)[pri:0, instance:com.swaglabs.Tests.AddToCartSingleItem@1e67b872] output={null}]]]>
              </value>
            </param>
          </params>
          <reporter-output>
          </reporter-output>
        </test-method> <!-- tearDown -->
        <test-method status="PASS" signature="tearDown(org.testng.ITestResult)[pri:0, instance:com.swaglabs.Tests.AddToCartSingleItem@1e67b872]" name="tearDown" is-config="true" duration-ms="314" started-at="2020-12-18T12:32:26Z" finished-at="2020-12-18T12:32:26Z">
          <params>
            <param index="0">
              <value>
                <![CDATA[[TestResult name=AddToCartSingleItemTest status=SUCCESS method=AddToCartSingleItem.AddToCartSingleItemTest(java.lang.String, java.lang.String, java.lang.String, java.lang.reflect.Method)[pri:0, instance:com.swaglabs.Tests.AddToCartSingleItem@1e67b872] output={null}]]]>
              </value>
            </param>
          </params>
          <reporter-output>
          </reporter-output>
        </test-method> <!-- tearDown -->
        <test-method status="PASS" signature="tearDown(org.testng.ITestResult)[pri:0, instance:com.swaglabs.Tests.AddToCartSingleItem@1e67b872]" name="tearDown" is-config="true" duration-ms="377" started-at="2020-12-18T12:32:27Z" finished-at="2020-12-18T12:32:27Z">
          <params>
            <param index="0">
              <value>
                <![CDATA[[TestResult name=AddToCartSingleItemTest status=SUCCESS method=AddToCartSingleItem.AddToCartSingleItemTest(java.lang.String, java.lang.String, java.lang.String, java.lang.reflect.Method)[pri:0, instance:com.swaglabs.Tests.AddToCartSingleItem@1e67b872] output={null}]]]>
              </value>
            </param>
          </params>
          <reporter-output>
          </reporter-output>
        </test-method> <!-- tearDown -->
        <test-method status="PASS" signature="tearDown(org.testng.ITestResult)[pri:0, instance:com.swaglabs.Tests.AddToCartSingleItem@1e67b872]" name="tearDown" is-config="true" duration-ms="413" started-at="2020-12-18T12:32:28Z" finished-at="2020-12-18T12:32:28Z">
          <params>
            <param index="0">
              <value>
                <![CDATA[[TestResult name=AddToCartSingleItemTest status=SUCCESS method=AddToCartSingleItem.AddToCartSingleItemTest(java.lang.String, java.lang.String, java.lang.String, java.lang.reflect.Method)[pri:0, instance:com.swaglabs.Tests.AddToCartSingleItem@1e67b872] output={null}]]]>
              </value>
            </param>
          </params>
          <reporter-output>
          </reporter-output>
        </test-method> <!-- tearDown -->
        <test-method status="PASS" signature="tearDown(org.testng.ITestResult)[pri:0, instance:com.swaglabs.Tests.AddToCartSingleItem@1e67b872]" name="tearDown" is-config="true" duration-ms="398" started-at="2020-12-18T12:33:07Z" finished-at="2020-12-18T12:33:08Z">
          <params>
            <param index="0">
              <value>
                <![CDATA[[TestResult name=AddToCartSingleItemTest status=SUCCESS method=AddToCartSingleItem.AddToCartSingleItemTest(java.lang.String, java.lang.String, java.lang.String, java.lang.reflect.Method)[pri:0, instance:com.swaglabs.Tests.AddToCartSingleItem@1e67b872] output={null}]]]>
              </value>
            </param>
          </params>
          <reporter-output>
          </reporter-output>
        </test-method> <!-- tearDown -->
        <test-method status="PASS" signature="tearDown(org.testng.ITestResult)[pri:0, instance:com.swaglabs.Tests.AddToCartSingleItem@1e67b872]" name="tearDown" is-config="true" duration-ms="550" started-at="2020-12-18T12:33:12Z" finished-at="2020-12-18T12:33:13Z">
          <params>
            <param index="0">
              <value>
                <![CDATA[[TestResult name=AddToCartSingleItemTest status=SUCCESS method=AddToCartSingleItem.AddToCartSingleItemTest(java.lang.String, java.lang.String, java.lang.String, java.lang.reflect.Method)[pri:0, instance:com.swaglabs.Tests.AddToCartSingleItem@1e67b872] output={null}]]]>
              </value>
            </param>
          </params>
          <reporter-output>
          </reporter-output>
        </test-method> <!-- tearDown -->
        <test-method status="PASS" signature="tearDown(org.testng.ITestResult)[pri:0, instance:com.swaglabs.Tests.AddToCartSingleItem@1e67b872]" name="tearDown" is-config="true" duration-ms="599" started-at="2020-12-18T12:33:13Z" finished-at="2020-12-18T12:33:13Z">
          <params>
            <param index="0">
              <value>
                <![CDATA[[TestResult name=AddToCartSingleItemTest status=FAILURE method=AddToCartSingleItem.AddToCartSingleItemTest(java.lang.String, java.lang.String, java.lang.String, java.lang.reflect.Method)[pri:0, instance:com.swaglabs.Tests.AddToCartSingleItem@1e67b872] output={null}]]]>
              </value>
            </param>
          </params>
          <reporter-output>
          </reporter-output>
        </test-method> <!-- tearDown -->
        <test-method status="PASS" signature="tearDown(org.testng.ITestResult)[pri:0, instance:com.swaglabs.Tests.AddToCartSingleItem@1e67b872]" name="tearDown" is-config="true" duration-ms="454" started-at="2020-12-18T12:33:17Z" finished-at="2020-12-18T12:33:17Z">
          <params>
            <param index="0">
              <value>
                <![CDATA[[TestResult name=AddToCartSingleItemTest status=SUCCESS method=AddToCartSingleItem.AddToCartSingleItemTest(java.lang.String, java.lang.String, java.lang.String, java.lang.reflect.Method)[pri:0, instance:com.swaglabs.Tests.AddToCartSingleItem@1e67b872] output={null}]]]>
              </value>
            </param>
          </params>
          <reporter-output>
          </reporter-output>
        </test-method> <!-- tearDown -->
        <test-method status="PASS" signature="tearDown(org.testng.ITestResult)[pri:0, instance:com.swaglabs.Tests.AddToCartSingleItem@1e67b872]" name="tearDown" is-config="true" duration-ms="469" started-at="2020-12-18T12:33:18Z" finished-at="2020-12-18T12:33:18Z">
          <params>
            <param index="0">
              <value>
                <![CDATA[[TestResult name=AddToCartSingleItemTest status=SUCCESS method=AddToCartSingleItem.AddToCartSingleItemTest(java.lang.String, java.lang.String, java.lang.String, java.lang.reflect.Method)[pri:0, instance:com.swaglabs.Tests.AddToCartSingleItem@1e67b872] output={null}]]]>
              </value>
            </param>
          </params>
          <reporter-output>
          </reporter-output>
        </test-method> <!-- tearDown -->
        <test-method status="PASS" signature="tearDown(org.testng.ITestResult)[pri:0, instance:com.swaglabs.Tests.AddToCartSingleItem@1e67b872]" name="tearDown" is-config="true" duration-ms="501" started-at="2020-12-18T12:33:22Z" finished-at="2020-12-18T12:33:22Z">
          <params>
            <param index="0">
              <value>
                <![CDATA[[TestResult name=AddToCartSingleItemTest status=FAILURE method=AddToCartSingleItem.AddToCartSingleItemTest(java.lang.String, java.lang.String, java.lang.String, java.lang.reflect.Method)[pri:0, instance:com.swaglabs.Tests.AddToCartSingleItem@1e67b872] output={null}]]]>
              </value>
            </param>
          </params>
          <reporter-output>
          </reporter-output>
        </test-method> <!-- tearDown -->
      </class> <!-- com.swaglabs.Tests.AddToCartSingleItem -->
      <class name="com.swaglabs.Tests.LoginInvalidUser">
        <test-method status="PASS" signature="LoginInvalidUserTest(java.lang.String, java.lang.String, java.lang.String, java.lang.reflect.Method)[pri:0, instance:com.swaglabs.Tests.LoginInvalidUser@5315b42e]" name="LoginInvalidUserTest" duration-ms="27170" started-at="2020-12-18T12:31:51Z" data-provider="hardCodedBrowsers" finished-at="2020-12-18T12:32:18Z">
          <params>
            <param index="0">
              <value>
                <![CDATA[firefox]]>
              </value>
            </param>
            <param index="1">
              <value>
                <![CDATA[latest-1]]>
              </value>
            </param>
            <param index="2">
              <value>
                <![CDATA[Windows 10]]>
              </value>
            </param>
            <param index="3">
              <value>
                <![CDATA[public void com.swaglabs.Tests.LoginInvalidUser.LoginInvalidUserTest(java.lang.String,java.lang.String,java.lang.String,java.lang.reflect.Method) throws java.net.MalformedURLException,org.openqa.selenium.InvalidElementStateException,java.rmi.UnexpectedException,java.lang.InterruptedException]]>
              </value>
            </param>
          </params>
          <reporter-output>
          </reporter-output>
        </test-method> <!-- LoginInvalidUserTest -->
        <test-method status="PASS" signature="LoginInvalidUserTest(java.lang.String, java.lang.String, java.lang.String, java.lang.reflect.Method)[pri:0, instance:com.swaglabs.Tests.LoginInvalidUser@5315b42e]" name="LoginInvalidUserTest" duration-ms="24845" started-at="2020-12-18T12:31:51Z" data-provider="hardCodedBrowsers" finished-at="2020-12-18T12:32:16Z">
          <params>
            <param index="0">
              <value>
                <![CDATA[firefox]]>
              </value>
            </param>
            <param index="1">
              <value>
                <![CDATA[latest]]>
              </value>
            </param>
            <param index="2">
              <value>
                <![CDATA[Windows 10]]>
              </value>
            </param>
            <param index="3">
              <value>
                <![CDATA[public void com.swaglabs.Tests.LoginInvalidUser.LoginInvalidUserTest(java.lang.String,java.lang.String,java.lang.String,java.lang.reflect.Method) throws java.net.MalformedURLException,org.openqa.selenium.InvalidElementStateException,java.rmi.UnexpectedException,java.lang.InterruptedException]]>
              </value>
            </param>
          </params>
          <reporter-output>
          </reporter-output>
        </test-method> <!-- LoginInvalidUserTest -->
        <test-method status="FAIL" signature="LoginInvalidUserTest(java.lang.String, java.lang.String, java.lang.String, java.lang.reflect.Method)[pri:0, instance:com.swaglabs.Tests.LoginInvalidUser@5315b42e]" name="LoginInvalidUserTest" duration-ms="19736" started-at="2020-12-18T12:31:51Z" data-provider="hardCodedBrowsers" finished-at="2020-12-18T12:32:11Z">
          <params>
            <param index="0">
              <value>
                <![CDATA[safari]]>
              </value>
            </param>
            <param index="1">
              <value>
                <![CDATA[latest]]>
              </value>
            </param>
            <param index="2">
              <value>
                <![CDATA[OS X 10.11]]>
              </value>
            </param>
            <param index="3">
              <value>
                <![CDATA[public void com.swaglabs.Tests.LoginInvalidUser.LoginInvalidUserTest(java.lang.String,java.lang.String,java.lang.String,java.lang.reflect.Method) throws java.net.MalformedURLException,org.openqa.selenium.InvalidElementStateException,java.rmi.UnexpectedException,java.lang.InterruptedException]]>
              </value>
            </param>
          </params>
          <exception class="java.lang.AssertionError">
            <full-stacktrace>
              <![CDATA[java.lang.AssertionError: 
	at org.testng.AssertJUnit.fail(AssertJUnit.java:59)
	at org.testng.AssertJUnit.assertTrue(AssertJUnit.java:24)
	at org.testng.AssertJUnit.assertTrue(AssertJUnit.java:33)
	at com.swaglabs.Tests.LoginInvalidUser.LoginInvalidUserTest(LoginInvalidUser.java:53)
	at sun.reflect.NativeMethodAccessorImpl.invoke0(Native Method)
	at sun.reflect.NativeMethodAccessorImpl.invoke(NativeMethodAccessorImpl.java:62)
	at sun.reflect.DelegatingMethodAccessorImpl.invoke(DelegatingMethodAccessorImpl.java:43)
	at java.lang.reflect.Method.invoke(Method.java:498)
	at org.testng.internal.MethodInvocationHelper.invokeMethod(MethodInvocationHelper.java:86)
	at org.testng.internal.Invoker.invokeMethod(Invoker.java:643)
	at org.testng.internal.Invoker.invokeTestMethod(Invoker.java:820)
	at org.testng.internal.TestMethodWithDataProviderMethodWorker.call(TestMethodWithDataProviderMethodWorker.java:75)
	at org.testng.internal.TestMethodWithDataProviderMethodWorker.call(TestMethodWithDataProviderMethodWorker.java:14)
	at java.util.concurrent.FutureTask.run(FutureTask.java:266)
	at java.util.concurrent.Executors$RunnableAdapter.call(Executors.java:511)
	at java.util.concurrent.FutureTask.run(FutureTask.java:266)
	at java.util.concurrent.ThreadPoolExecutor.runWorker(ThreadPoolExecutor.java:1149)
	at java.util.concurrent.ThreadPoolExecutor$Worker.run(ThreadPoolExecutor.java:624)
	at java.lang.Thread.run(Thread.java:748)
]]>
            </full-stacktrace>
          </exception> <!-- java.lang.AssertionError -->
          <reporter-output>
          </reporter-output>
        </test-method> <!-- LoginInvalidUserTest -->
        <test-method status="FAIL" signature="LoginInvalidUserTest(java.lang.String, java.lang.String, java.lang.String, java.lang.reflect.Method)[pri:0, instance:com.swaglabs.Tests.LoginInvalidUser@5315b42e]" name="LoginInvalidUserTest" duration-ms="18713" started-at="2020-12-18T12:31:51Z" data-provider="hardCodedBrowsers" finished-at="2020-12-18T12:32:10Z">
          <params>
            <param index="0">
              <value>
                <![CDATA[safari]]>
              </value>
            </param>
            <param index="1">
              <value>
                <![CDATA[latest-1]]>
              </value>
            </param>
            <param index="2">
              <value>
                <![CDATA[OS X 10.11]]>
              </value>
            </param>
            <param index="3">
              <value>
                <![CDATA[public void com.swaglabs.Tests.LoginInvalidUser.LoginInvalidUserTest(java.lang.String,java.lang.String,java.lang.String,java.lang.reflect.Method) throws java.net.MalformedURLException,org.openqa.selenium.InvalidElementStateException,java.rmi.UnexpectedException,java.lang.InterruptedException]]>
              </value>
            </param>
          </params>
          <exception class="java.lang.AssertionError">
            <full-stacktrace>
              <![CDATA[java.lang.AssertionError: 
	at org.testng.AssertJUnit.fail(AssertJUnit.java:59)
	at org.testng.AssertJUnit.assertTrue(AssertJUnit.java:24)
	at org.testng.AssertJUnit.assertTrue(AssertJUnit.java:33)
	at com.swaglabs.Tests.LoginInvalidUser.LoginInvalidUserTest(LoginInvalidUser.java:53)
	at sun.reflect.NativeMethodAccessorImpl.invoke0(Native Method)
	at sun.reflect.NativeMethodAccessorImpl.invoke(NativeMethodAccessorImpl.java:62)
	at sun.reflect.DelegatingMethodAccessorImpl.invoke(DelegatingMethodAccessorImpl.java:43)
	at java.lang.reflect.Method.invoke(Method.java:498)
	at org.testng.internal.MethodInvocationHelper.invokeMethod(MethodInvocationHelper.java:86)
	at org.testng.internal.Invoker.invokeMethod(Invoker.java:643)
	at org.testng.internal.Invoker.invokeTestMethod(Invoker.java:820)
	at org.testng.internal.TestMethodWithDataProviderMethodWorker.call(TestMethodWithDataProviderMethodWorker.java:75)
	at org.testng.internal.TestMethodWithDataProviderMethodWorker.call(TestMethodWithDataProviderMethodWorker.java:14)
	at java.util.concurrent.FutureTask.run(FutureTask.java:266)
	at java.util.concurrent.Executors$RunnableAdapter.call(Executors.java:511)
	at java.util.concurrent.FutureTask.run(FutureTask.java:266)
	at java.util.concurrent.ThreadPoolExecutor.runWorker(ThreadPoolExecutor.java:1149)
	at java.util.concurrent.ThreadPoolExecutor$Worker.run(ThreadPoolExecutor.java:624)
	at java.lang.Thread.run(Thread.java:748)
]]>
            </full-stacktrace>
          </exception> <!-- java.lang.AssertionError -->
          <reporter-output>
          </reporter-output>
        </test-method> <!-- LoginInvalidUserTest -->
        <test-method status="PASS" signature="LoginInvalidUserTest(java.lang.String, java.lang.String, java.lang.String, java.lang.reflect.Method)[pri:0, instance:com.swaglabs.Tests.LoginInvalidUser@5315b42e]" name="LoginInvalidUserTest" duration-ms="36927" started-at="2020-12-18T12:31:51Z" data-provider="hardCodedBrowsers" finished-at="2020-12-18T12:32:28Z">
          <params>
            <param index="0">
              <value>
                <![CDATA[chrome]]>
              </value>
            </param>
            <param index="1">
              <value>
                <![CDATA[latest]]>
              </value>
            </param>
            <param index="2">
              <value>
                <![CDATA[Windows 10]]>
              </value>
            </param>
            <param index="3">
              <value>
                <![CDATA[public void com.swaglabs.Tests.LoginInvalidUser.LoginInvalidUserTest(java.lang.String,java.lang.String,java.lang.String,java.lang.reflect.Method) throws java.net.MalformedURLException,org.openqa.selenium.InvalidElementStateException,java.rmi.UnexpectedException,java.lang.InterruptedException]]>
              </value>
            </param>
          </params>
          <reporter-output>
          </reporter-output>
        </test-method> <!-- LoginInvalidUserTest -->
        <test-method status="PASS" signature="LoginInvalidUserTest(java.lang.String, java.lang.String, java.lang.String, java.lang.reflect.Method)[pri:0, instance:com.swaglabs.Tests.LoginInvalidUser@5315b42e]" name="LoginInvalidUserTest" duration-ms="41170" started-at="2020-12-18T12:31:51Z" data-provider="hardCodedBrowsers" finished-at="2020-12-18T12:32:32Z">
          <params>
            <param index="0">
              <value>
                <![CDATA[chrome]]>
              </value>
            </param>
            <param index="1">
              <value>
                <![CDATA[latest]]>
              </value>
            </param>
            <param index="2">
              <value>
                <![CDATA[OS X 10.11]]>
              </value>
            </param>
            <param index="3">
              <value>
                <![CDATA[public void com.swaglabs.Tests.LoginInvalidUser.LoginInvalidUserTest(java.lang.String,java.lang.String,java.lang.String,java.lang.reflect.Method) throws java.net.MalformedURLException,org.openqa.selenium.InvalidElementStateException,java.rmi.UnexpectedException,java.lang.InterruptedException]]>
              </value>
            </param>
          </params>
          <reporter-output>
          </reporter-output>
        </test-method> <!-- LoginInvalidUserTest -->
        <test-method status="PASS" signature="LoginInvalidUserTest(java.lang.String, java.lang.String, java.lang.String, java.lang.reflect.Method)[pri:0, instance:com.swaglabs.Tests.LoginInvalidUser@5315b42e]" name="LoginInvalidUserTest" duration-ms="36399" started-at="2020-12-18T12:31:51Z" data-provider="hardCodedBrowsers" finished-at="2020-12-18T12:32:28Z">
          <params>
            <param index="0">
              <value>
                <![CDATA[chrome]]>
              </value>
            </param>
            <param index="1">
              <value>
                <![CDATA[latest-1]]>
              </value>
            </param>
            <param index="2">
              <value>
                <![CDATA[Windows 10]]>
              </value>
            </param>
            <param index="3">
              <value>
                <![CDATA[public void com.swaglabs.Tests.LoginInvalidUser.LoginInvalidUserTest(java.lang.String,java.lang.String,java.lang.String,java.lang.reflect.Method) throws java.net.MalformedURLException,org.openqa.selenium.InvalidElementStateException,java.rmi.UnexpectedException,java.lang.InterruptedException]]>
              </value>
            </param>
          </params>
          <reporter-output>
          </reporter-output>
        </test-method> <!-- LoginInvalidUserTest -->
        <test-method status="PASS" signature="LoginInvalidUserTest(java.lang.String, java.lang.String, java.lang.String, java.lang.reflect.Method)[pri:0, instance:com.swaglabs.Tests.LoginInvalidUser@5315b42e]" name="LoginInvalidUserTest" duration-ms="29015" started-at="2020-12-18T12:31:51Z" data-provider="hardCodedBrowsers" finished-at="2020-12-18T12:32:20Z">
          <params>
            <param index="0">
              <value>
                <![CDATA[firefox]]>
              </value>
            </param>
            <param index="1">
              <value>
                <![CDATA[latest]]>
              </value>
            </param>
            <param index="2">
              <value>
                <![CDATA[Windows 10]]>
              </value>
            </param>
            <param index="3">
              <value>
                <![CDATA[public void com.swaglabs.Tests.LoginInvalidUser.LoginInvalidUserTest(java.lang.String,java.lang.String,java.lang.String,java.lang.reflect.Method) throws java.net.MalformedURLException,org.openqa.selenium.InvalidElementStateException,java.rmi.UnexpectedException,java.lang.InterruptedException]]>
              </value>
            </param>
          </params>
          <reporter-output>
          </reporter-output>
        </test-method> <!-- LoginInvalidUserTest -->
        <test-method status="PASS" signature="LoginInvalidUserTest(java.lang.String, java.lang.String, java.lang.String, java.lang.reflect.Method)[pri:0, instance:com.swaglabs.Tests.LoginInvalidUser@5315b42e]" name="LoginInvalidUserTest" duration-ms="41129" started-at="2020-12-18T12:31:51Z" data-provider="hardCodedBrowsers" finished-at="2020-12-18T12:32:32Z">
          <params>
            <param index="0">
              <value>
                <![CDATA[chrome]]>
              </value>
            </param>
            <param index="1">
              <value>
                <![CDATA[latest-1]]>
              </value>
            </param>
            <param index="2">
              <value>
                <![CDATA[OS X 10.11]]>
              </value>
            </param>
            <param index="3">
              <value>
                <![CDATA[public void com.swaglabs.Tests.LoginInvalidUser.LoginInvalidUserTest(java.lang.String,java.lang.String,java.lang.String,java.lang.reflect.Method) throws java.net.MalformedURLException,org.openqa.selenium.InvalidElementStateException,java.rmi.UnexpectedException,java.lang.InterruptedException]]>
              </value>
            </param>
          </params>
          <reporter-output>
          </reporter-output>
        </test-method> <!-- LoginInvalidUserTest -->
        <test-method status="PASS" signature="LoginInvalidUserTest(java.lang.String, java.lang.String, java.lang.String, java.lang.reflect.Method)[pri:0, instance:com.swaglabs.Tests.LoginInvalidUser@5315b42e]" name="LoginInvalidUserTest" duration-ms="25498" started-at="2020-12-18T12:31:51Z" data-provider="hardCodedBrowsers" finished-at="2020-12-18T12:32:17Z">
          <params>
            <param index="0">
              <value>
                <![CDATA[firefox]]>
              </value>
            </param>
            <param index="1">
              <value>
                <![CDATA[latest-1]]>
              </value>
            </param>
            <param index="2">
              <value>
                <![CDATA[Windows 8.1]]>
              </value>
            </param>
            <param index="3">
              <value>
                <![CDATA[public void com.swaglabs.Tests.LoginInvalidUser.LoginInvalidUserTest(java.lang.String,java.lang.String,java.lang.String,java.lang.reflect.Method) throws java.net.MalformedURLException,org.openqa.selenium.InvalidElementStateException,java.rmi.UnexpectedException,java.lang.InterruptedException]]>
              </value>
            </param>
          </params>
          <reporter-output>
          </reporter-output>
        </test-method> <!-- LoginInvalidUserTest -->
        <test-method status="PASS" signature="tearDown(org.testng.ITestResult)[pri:0, instance:com.swaglabs.Tests.LoginInvalidUser@5315b42e]" name="tearDown" is-config="true" duration-ms="507" started-at="2020-12-18T12:32:10Z" finished-at="2020-12-18T12:32:10Z">
          <params>
            <param index="0">
              <value>
                <![CDATA[[TestResult name=LoginInvalidUserTest status=FAILURE method=LoginInvalidUser.LoginInvalidUserTest(java.lang.String, java.lang.String, java.lang.String, java.lang.reflect.Method)[pri:0, instance:com.swaglabs.Tests.LoginInvalidUser@5315b42e] output={null}]]]>
              </value>
            </param>
          </params>
          <reporter-output>
          </reporter-output>
        </test-method> <!-- tearDown -->
        <test-method status="PASS" signature="tearDown(org.testng.ITestResult)[pri:0, instance:com.swaglabs.Tests.LoginInvalidUser@5315b42e]" name="tearDown" is-config="true" duration-ms="521" started-at="2020-12-18T12:32:11Z" finished-at="2020-12-18T12:32:11Z">
          <params>
            <param index="0">
              <value>
                <![CDATA[[TestResult name=LoginInvalidUserTest status=FAILURE method=LoginInvalidUser.LoginInvalidUserTest(java.lang.String, java.lang.String, java.lang.String, java.lang.reflect.Method)[pri:0, instance:com.swaglabs.Tests.LoginInvalidUser@5315b42e] output={null}]]]>
              </value>
            </param>
          </params>
          <reporter-output>
          </reporter-output>
        </test-method> <!-- tearDown -->
        <test-method status="PASS" signature="tearDown(org.testng.ITestResult)[pri:0, instance:com.swaglabs.Tests.LoginInvalidUser@5315b42e]" name="tearDown" is-config="true" duration-ms="534" started-at="2020-12-18T12:32:16Z" finished-at="2020-12-18T12:32:17Z">
          <params>
            <param index="0">
              <value>
                <![CDATA[[TestResult name=LoginInvalidUserTest status=SUCCESS method=LoginInvalidUser.LoginInvalidUserTest(java.lang.String, java.lang.String, java.lang.String, java.lang.reflect.Method)[pri:0, instance:com.swaglabs.Tests.LoginInvalidUser@5315b42e] output={null}]]]>
              </value>
            </param>
          </params>
          <reporter-output>
          </reporter-output>
        </test-method> <!-- tearDown -->
        <test-method status="PASS" signature="tearDown(org.testng.ITestResult)[pri:0, instance:com.swaglabs.Tests.LoginInvalidUser@5315b42e]" name="tearDown" is-config="true" duration-ms="1419" started-at="2020-12-18T12:32:17Z" finished-at="2020-12-18T12:32:18Z">
          <params>
            <param index="0">
              <value>
                <![CDATA[[TestResult name=LoginInvalidUserTest status=SUCCESS method=LoginInvalidUser.LoginInvalidUserTest(java.lang.String, java.lang.String, java.lang.String, java.lang.reflect.Method)[pri:0, instance:com.swaglabs.Tests.LoginInvalidUser@5315b42e] output={null}]]]>
              </value>
            </param>
          </params>
          <reporter-output>
          </reporter-output>
        </test-method> <!-- tearDown -->
        <test-method status="PASS" signature="tearDown(org.testng.ITestResult)[pri:0, instance:com.swaglabs.Tests.LoginInvalidUser@5315b42e]" name="tearDown" is-config="true" duration-ms="1527" started-at="2020-12-18T12:32:18Z" finished-at="2020-12-18T12:32:20Z">
          <params>
            <param index="0">
              <value>
                <![CDATA[[TestResult name=LoginInvalidUserTest status=SUCCESS method=LoginInvalidUser.LoginInvalidUserTest(java.lang.String, java.lang.String, java.lang.String, java.lang.reflect.Method)[pri:0, instance:com.swaglabs.Tests.LoginInvalidUser@5315b42e] output={null}]]]>
              </value>
            </param>
          </params>
          <reporter-output>
          </reporter-output>
[...]
Session ID: null
*** Element info: {Using=xpath, value=//div[@class='product_label']}
Command duration or timeout: 0 milliseconds
	at sun.reflect.GeneratedConstructorAccessor98.newInstance(Unknown Source)
	at sun.reflect.DelegatingConstructorAccessorImpl.newInstance(DelegatingConstructorAccessorImpl.java:45)
	at java.lang.reflect.Constructor.newInstance(Constructor.java:423)
	at org.openqa.selenium.remote.ErrorHandler.createThrowable(ErrorHandler.java:214)
	at org.openqa.selenium.remote.ErrorHandler.throwIfResponseFailed(ErrorHandler.java:166)
	at org.openqa.selenium.remote.http.JsonHttpResponseCodec.reconstructValue(JsonHttpResponseCodec.java:40)
	at org.openqa.selenium.remote.http.AbstractHttpResponseCodec.decode(AbstractHttpResponseCodec.java:80)
	at org.openqa.selenium.remote.http.AbstractHttpResponseCodec.decode(AbstractHttpResponseCodec.java:44)
	at org.openqa.selenium.remote.HttpCommandExecutor.execute(HttpCommandExecutor.java:158)
	at org.openqa.selenium.remote.RemoteWebDriver.execute(RemoteWebDriver.java:552)
	at org.openqa.selenium.remote.RemoteWebDriver.findElement(RemoteWebDriver.java:323)
	at org.openqa.selenium.remote.RemoteWebDriver.findElementByXPath(RemoteWebDriver.java:428)
	at org.openqa.selenium.By$ByXPath.findElement(By.java:353)
	at org.openqa.selenium.remote.RemoteWebDriver.findElement(RemoteWebDriver.java:315)
	at org.openqa.selenium.support.pagefactory.DefaultElementLocator.findElement(DefaultElementLocator.java:69)
	at org.openqa.selenium.support.pagefactory.internal.LocatingElementHandler.invoke(LocatingElementHandler.java:38)
	at com.sun.proxy.$Proxy7.isDisplayed(Unknown Source)
	at org.openqa.selenium.support.ui.ExpectedConditions.elementIfVisible(ExpectedConditions.java:314)
	at org.openqa.selenium.support.ui.ExpectedConditions.access$000(ExpectedConditions.java:43)
	at org.openqa.selenium.support.ui.ExpectedConditions$10.apply(ExpectedConditions.java:300)
	at org.openqa.selenium.support.ui.ExpectedConditions$10.apply(ExpectedConditions.java:297)
	at org.openqa.selenium.support.ui.FluentWait.until(FluentWait.java:249)
	... 17 more
Caused by: org.openqa.selenium.NoSuchElementException: Could not find element: {"using":"xpath","value":"//div[@class='product_label']"} (WARNING: The server did not provide any stacktrace information)
Command duration or timeout: 20.07 seconds
For documentation on this error, please visit: http://seleniumhq.org/exceptions/no_such_element.html
Build info: version: '2.48.0', revision: 'b7b081a', time: '2015-10-07 15:48:56'
System info: host: 'itako3738.prod.miso', ip: '10.125.13.127', os.name: 'Mac OS X', os.arch: 'x86_64', os.version: '10.11.6', java.version: '1.8.0_102'
Driver info: org.openqa.selenium.safari.SafariDriver
Capabilities [{browserName=safari, takesScreenshot=true, javascriptEnabled=true, version=10.0.1, cssSelectorsEnabled=true, platform=MAC, secureSsl=true}]
Session ID: null
*** Element info: {Using=xpath, value=//div[@class='product_label']}
For documentation on this error, please visit: https://www.seleniumhq.org/exceptions/no_such_element.html
Build info: version: '3.141.59', revision: 'e82be7d358', time: '2018-11-14T08:17:03'
System info: host: 'SL-1549.local', ip: 'fe80:0:0:0:83c:5ee4:73ec:c208%en0', os.name: 'Mac OS X', os.arch: 'x86_64', os.version: '10.15.7', java.version: '1.8.0_271'
Driver info: driver.version: EventFiringWebDriver
	at sun.reflect.NativeConstructorAccessorImpl.newInstance0(Native Method)
	at sun.reflect.NativeConstructorAccessorImpl.newInstance(NativeConstructorAccessorImpl.java:62)
	at sun.reflect.DelegatingConstructorAccessorImpl.newInstance(DelegatingConstructorAccessorImpl.java:45)
	at java.lang.reflect.Constructor.newInstance(Constructor.java:423)
	at org.openqa.selenium.remote.ErrorHandler.createThrowable(ErrorHandler.java:206)
	at org.openqa.selenium.remote.ErrorHandler.throwIfResponseFailed(ErrorHandler.java:158)
	at org.openqa.selenium.remote.RemoteWebDriver.execute(RemoteWebDriver.java:647)
	at org.openqa.selenium.remote.RemoteWebDriver.findElement(RemoteWebDriver.java:353)
	at org.openqa.selenium.remote.RemoteWebDriver.findElementByXPath(RemoteWebDriver.java:490)
	at org.openqa.selenium.By$ByXPath.findElement(By.java:361)
	at org.openqa.selenium.remote.RemoteWebDriver.findElement(RemoteWebDriver.java:345)
	at sun.reflect.NativeMethodAccessorImpl.invoke0(Native Method)
	at sun.reflect.NativeMethodAccessorImpl.invoke(NativeMethodAccessorImpl.java:62)
	at sun.reflect.DelegatingMethodAccessorImpl.invoke(DelegatingMethodAccessorImpl.java:43)
	at java.lang.reflect.Method.invoke(Method.java:498)
	at org.openqa.selenium.support.events.EventFiringWebDriver$2.invoke(EventFiringWebDriver.java:102)
	at com.sun.proxy.$Proxy1.findElement(Unknown Source)
	at org.openqa.selenium.support.events.EventFiringWebDriver.findElement(EventFiringWebDriver.java:187)
	at org.openqa.selenium.remote.server.handler.FindElement.call(FindElement.java:48)
	at org.openqa.selenium.remote.server.handler.FindElement.call(FindElement.java:1)
	at java.util.concurrent.FutureTask.run(FutureTask.java:266)
	at org.openqa.selenium.remote.server.DefaultSession$1.run(DefaultSession.java:176)
	at java.util.concurrent.ThreadPoolExecutor.runWorker(ThreadPoolExecutor.java:1142)
	at java.util.concurrent.ThreadPoolExecutor$Worker.run(ThreadPoolExecutor.java:617)
	at java.lang.Thread.run(Thread.java:745)
]]>
            </full-stacktrace>
          </exception> <!-- org.openqa.selenium.TimeoutException -->
          <reporter-output>
          </reporter-output>
        </test-method> <!-- LoginValidUserTest -->
        <test-method status="PASS" signature="LoginValidUserTest(java.lang.String, java.lang.String, java.lang.String, java.lang.reflect.Method)[pri:0, instance:com.swaglabs.Tests.LoginValidUser@6fb554cc]" name="LoginValidUserTest" duration-ms="59106" started-at="2020-12-18T12:31:51Z" data-provider="hardCodedBrowsers" finished-at="2020-12-18T12:32:50Z">
          <params>
            <param index="0">
              <value>
                <![CDATA[chrome]]>
              </value>
            </param>
            <param index="1">
              <value>
                <![CDATA[latest-1]]>
              </value>
            </param>
            <param index="2">
              <value>
                <![CDATA[Windows 10]]>
              </value>
            </param>
            <param index="3">
              <value>
                <![CDATA[public void com.swaglabs.Tests.LoginValidUser.LoginValidUserTest(java.lang.String,java.lang.String,java.lang.String,java.lang.reflect.Method) throws java.net.MalformedURLException,org.openqa.selenium.InvalidElementStateException,java.rmi.UnexpectedException,java.lang.InterruptedException]]>
              </value>
            </param>
          </params>
          <reporter-output>
          </reporter-output>
        </test-method> <!-- LoginValidUserTest -->
        <test-method status="PASS" signature="LoginValidUserTest(java.lang.String, java.lang.String, java.lang.String, java.lang.reflect.Method)[pri:0, instance:com.swaglabs.Tests.LoginValidUser@6fb554cc]" name="LoginValidUserTest" duration-ms="58692" started-at="2020-12-18T12:31:51Z" data-provider="hardCodedBrowsers" finished-at="2020-12-18T12:32:50Z">
          <params>
            <param index="0">
              <value>
                <![CDATA[chrome]]>
              </value>
            </param>
            <param index="1">
              <value>
                <![CDATA[latest-1]]>
              </value>
            </param>
            <param index="2">
              <value>
                <![CDATA[OS X 10.11]]>
              </value>
            </param>
            <param index="3">
              <value>
                <![CDATA[public void com.swaglabs.Tests.LoginValidUser.LoginValidUserTest(java.lang.String,java.lang.String,java.lang.String,java.lang.reflect.Method) throws java.net.MalformedURLException,org.openqa.selenium.InvalidElementStateException,java.rmi.UnexpectedException,java.lang.InterruptedException]]>
              </value>
            </param>
          </params>
          <reporter-output>
          </reporter-output>
        </test-method> <!-- LoginValidUserTest -->
        <test-method status="PASS" signature="LoginValidUserTest(java.lang.String, java.lang.String, java.lang.String, java.lang.reflect.Method)[pri:0, instance:com.swaglabs.Tests.LoginValidUser@6fb554cc]" name="LoginValidUserTest" duration-ms="62993" started-at="2020-12-18T12:31:51Z" data-provider="hardCodedBrowsers" finished-at="2020-12-18T12:32:54Z">
          <params>
            <param index="0">
              <value>
                <![CDATA[chrome]]>
              </value>
            </param>
            <param index="1">
              <value>
                <![CDATA[latest]]>
              </value>
            </param>
            <param index="2">
              <value>
                <![CDATA[OS X 10.11]]>
              </value>
            </param>
            <param index="3">
              <value>
                <![CDATA[public void com.swaglabs.Tests.LoginValidUser.LoginValidUserTest(java.lang.String,java.lang.String,java.lang.String,java.lang.reflect.Method) throws java.net.MalformedURLException,org.openqa.selenium.InvalidElementStateException,java.rmi.UnexpectedException,java.lang.InterruptedException]]>
              </value>
            </param>
          </params>
          <reporter-output>
          </reporter-output>
        </test-method> <!-- LoginValidUserTest -->
        <test-method status="PASS" signature="LoginValidUserTest(java.lang.String, java.lang.String, java.lang.String, java.lang.reflect.Method)[pri:0, instance:com.swaglabs.Tests.LoginValidUser@6fb554cc]" name="LoginValidUserTest" duration-ms="25811" started-at="2020-12-18T12:31:51Z" data-provider="hardCodedBrowsers" finished-at="2020-12-18T12:32:17Z">
          <params>
            <param index="0">
              <value>
                <![CDATA[firefox]]>
              </value>
            </param>
            <param index="1">
              <value>
                <![CDATA[latest-1]]>
              </value>
            </param>
            <param index="2">
              <value>
                <![CDATA[Windows 8.1]]>
              </value>
            </param>
            <param index="3">
              <value>
                <![CDATA[public void com.swaglabs.Tests.LoginValidUser.LoginValidUserTest(java.lang.String,java.lang.String,java.lang.String,java.lang.reflect.Method) throws java.net.MalformedURLException,org.openqa.selenium.InvalidElementStateException,java.rmi.UnexpectedException,java.lang.InterruptedException]]>
              </value>
            </param>
          </params>
          <reporter-output>
          </reporter-output>
        </test-method> <!-- LoginValidUserTest -->
        <test-method status="PASS" signature="LoginValidUserTest(java.lang.String, java.lang.String, java.lang.String, java.lang.reflect.Method)[pri:0, instance:com.swaglabs.Tests.LoginValidUser@6fb554cc]" name="LoginValidUserTest" duration-ms="29393" started-at="2020-12-18T12:31:51Z" data-provider="hardCodedBrowsers" finished-at="2020-12-18T12:32:21Z">
          <params>
            <param index="0">
              <value>
                <![CDATA[firefox]]>
              </value>
            </param>
            <param index="1">
              <value>
                <![CDATA[latest]]>
              </value>
            </param>
            <param index="2">
              <value>
                <![CDATA[Windows 10]]>
              </value>
            </param>
            <param index="3">
              <value>
                <![CDATA[public void com.swaglabs.Tests.LoginValidUser.LoginValidUserTest(java.lang.String,java.lang.String,java.lang.String,java.lang.reflect.Method) throws java.net.MalformedURLException,org.openqa.selenium.InvalidElementStateException,java.rmi.UnexpectedException,java.lang.InterruptedException]]>
              </value>
            </param>
          </params>
          <reporter-output>
          </reporter-output>
        </test-method> <!-- LoginValidUserTest -->
        <test-method status="PASS" signature="tearDown(org.testng.ITestResult)[pri:0, instance:com.swaglabs.Tests.LoginValidUser@6fb554cc]" name="tearDown" is-config="true" duration-ms="371" started-at="2020-12-18T12:32:17Z" finished-at="2020-12-18T12:32:17Z">
          <params>
            <param index="0">
              <value>
                <![CDATA[[TestResult name=LoginValidUserTest status=SUCCESS method=LoginValidUser.LoginValidUserTest(java.lang.String, java.lang.String, java.lang.String, java.lang.reflect.Method)[pri:0, instance:com.swaglabs.Tests.LoginValidUser@6fb554cc] output={null}]]]>
              </value>
            </param>
          </params>
          <reporter-output>
          </reporter-output>
        </test-method> <!-- tearDown -->
        <test-method status="PASS" signature="tearDown(org.testng.ITestResult)[pri:0, instance:com.swaglabs.Tests.LoginValidUser@6fb554cc]" name="tearDown" is-config="true" duration-ms="386" started-at="2020-12-18T12:32:21Z" finished-at="2020-12-18T12:32:21Z">
          <params>
            <param index="0">
              <value>
                <![CDATA[[TestResult name=LoginValidUserTest status=SUCCESS method=LoginValidUser.LoginValidUserTest(java.lang.String, java.lang.String, java.lang.String, java.lang.reflect.Method)[pri:0, instance:com.swaglabs.Tests.LoginValidUser@6fb554cc] output={null}]]]>
              </value>
            </param>
          </params>
          <reporter-output>
          </reporter-output>
        </test-method> <!-- tearDown -->
        <test-method status="PASS" signature="tearDown(org.testng.ITestResult)[pri:0, instance:com.swaglabs.Tests.LoginValidUser@6fb554cc]" name="tearDown" is-config="true" duration-ms="371" started-at="2020-12-18T12:32:23Z" finished-at="2020-12-18T12:32:24Z">
          <params>
            <param index="0">
              <value>
                <![CDATA[[TestResult name=LoginValidUserTest status=SUCCESS method=LoginValidUser.LoginValidUserTest(java.lang.String, java.lang.String, java.lang.String, java.lang.reflect.Method)[pri:0, instance:com.swaglabs.Tests.LoginValidUser@6fb554cc] output={null}]]]>
              </value>
            </param>
          </params>
          <reporter-output>
          </reporter-output>
        </test-method> <!-- tearDown -->
        <test-method status="PASS" signature="tearDown(org.testng.ITestResult)[pri:0, instance:com.swaglabs.Tests.LoginValidUser@6fb554cc]" name="tearDown" is-config="true" duration-ms="548" started-at="2020-12-18T12:32:24Z" finished-at="2020-12-18T12:32:25Z">
          <params>
            <param index="0">
              <value>
                <![CDATA[[TestResult name=LoginValidUserTest status=SUCCESS method=LoginValidUser.LoginValidUserTest(java.lang.String, java.lang.String, java.lang.String, java.lang.reflect.Method)[pri:0, instance:com.swaglabs.Tests.LoginValidUser@6fb554cc] output={null}]]]>
              </value>
            </param>
          </params>
          <reporter-output>
          </reporter-output>
        </test-method> <!-- tearDown -->
        <test-method status="PASS" signature="tearDown(org.testng.ITestResult)[pri:0, instance:com.swaglabs.Tests.LoginValidUser@6fb554cc]" name="tearDown" is-config="true" duration-ms="509" started-at="2020-12-18T12:32:50Z" finished-at="2020-12-18T12:32:50Z">
          <params>
            <param index="0">
              <value>
                <![CDATA[[TestResult name=LoginValidUserTest status=SUCCESS method=LoginValidUser.LoginValidUserTest(java.lang.String, java.lang.String, java.lang.String, java.lang.reflect.Method)[pri:0, instance:com.swaglabs.Tests.LoginValidUser@6fb554cc] output={null}]]]>
              </value>
            </param>
          </params>
          <reporter-output>
          </reporter-output>
        </test-method> <!-- tearDown -->
        <test-method status="PASS" signature="tearDown(org.testng.ITestResult)[pri:0, instance:com.swaglabs.Tests.LoginValidUser@6fb554cc]" name="tearDown" is-config="true" duration-ms="512" started-at="2020-12-18T12:32:50Z" finished-at="2020-12-18T12:32:51Z">
          <params>
            <param index="0">
              <value>
                <![CDATA[[TestResult name=LoginValidUserTest status=SUCCESS method=LoginValidUser.LoginValidUserTest(java.lang.String, java.lang.String, java.lang.String, java.lang.reflect.Method)[pri:0, instance:com.swaglabs.Tests.LoginValidUser@6fb554cc] output={null}]]]>
              </value>
            </param>
          </params>
          <reporter-output>
          </reporter-output>
        </test-method> <!-- tearDown -->
        <test-method status="PASS" signature="tearDown(org.testng.ITestResult)[pri:0, instance:com.swaglabs.Tests.LoginValidUser@6fb554cc]" name="tearDown" is-config="true" duration-ms="317" started-at="2020-12-18T12:32:52Z" finished-at="2020-12-18T12:32:52Z">
          <params>
            <param index="0">
              <value>
                <![CDATA[[TestResult name=LoginValidUserTest status=SUCCESS method=LoginValidUser.LoginValidUserTest(java.lang.String, java.lang.String, java.lang.String, java.lang.reflect.Method)[pri:0, instance:com.swaglabs.Tests.LoginValidUser@6fb554cc] output={null}]]]>
              </value>
            </param>
          </params>
          <reporter-output>
          </reporter-output>
        </test-method> <!-- tearDown -->
        <test-method status="PASS" signature="tearDown(org.testng.ITestResult)[pri:0, instance:com.swaglabs.Tests.LoginValidUser@6fb554cc]" name="tearDown" is-config="true" duration-ms="493" started-at="2020-12-18T12:32:54Z" finished-at="2020-12-18T12:32:55Z">
          <params>
            <param index="0">
              <value>
                <![CDATA[[TestResult name=LoginValidUserTest status=SUCCESS method=LoginValidUser.LoginValidUserTest(java.lang.String, java.lang.String, java.lang.String, java.lang.reflect.Method)[pri:0, instance:com.swaglabs.Tests.LoginValidUser@6fb554cc] output={null}]]]>
              </value>
            </param>
          </params>
          <reporter-output>
          </reporter-output>
        </test-method> <!-- tearDown -->
        <test-method status="PASS" signature="tearDown(org.testng.ITestResult)[pri:0, instance:com.swaglabs.Tests.LoginValidUser@6fb554cc]" name="tearDown" is-config="true" duration-ms="1231" started-at="2020-12-18T12:33:10Z" finished-at="2020-12-18T12:33:11Z">
          <params>
            <param index="0">
              <value>
                <![CDATA[[TestResult name=LoginValidUserTest status=FAILURE method=LoginValidUser.LoginValidUserTest(java.lang.String, java.lang.String, java.lang.String, java.lang.reflect.Method)[pri:0, instance:com.swaglabs.Tests.LoginValidUser@6fb554cc] output={null}]]]>
              </value>
            </param>
          </params>
          <reporter-output>
          </reporter-output>
        </test-method> <!-- tearDown -->
        <test-method status="PASS" signature="tearDown(org.testng.ITestResult)[pri:0, instance:com.swaglabs.Tests.LoginValidUser@6fb554cc]" name="tearDown" is-config="true" duration-ms="468" started-at="2020-12-18T12:33:11Z" finished-at="2020-12-18T12:33:11Z">
          <params>
            <param index="0">
              <value>
                <![CDATA[[TestResult name=LoginValidUserTest status=FAILURE method=LoginValidUser.LoginValidUserTest(java.lang.String, java.lang.String, java.lang.String, java.lang.reflect.Method)[pri:0, instance:com.swaglabs.Tests.LoginValidUser@6fb554cc] output={null}]]]>
              </value>
            </param>
          </params>
          <reporter-output>
          </reporter-output>
        </test-method> <!-- tearDown -->
      </class> <!-- com.swaglabs.Tests.LoginValidUser -->
    </test> <!-- Test -->
  </suite> <!-- Suite -->
</testng-results>
